__main__ INFO -------------------------
__main__ INFO Logged in to: ttmtickets@outlook.com
__main__ INFO Processing: Elton
__main__ WARNING Elton John Goodwill Gesture - Important Information Update
__main__ SUCCESS GracieLevy@OttilieKnowles.com - UDWXGSH6
__main__ WARNING Elton John Goodwill Gesture - Important Information Update
__main__ SUCCESS Ruth.Richardson166@OttilieKnowles.com - BZWKHWW6
__main__ WARNING Elton John Goodwill Gesture - Important Information Update
__main__ SUCCESS lyndacarr@taylanbowen.com - CAKYHPJ4
__main__ WARNING Elton John Goodwill Gesture - Important Information Update
__main__ SUCCESS Phyllis.Dennis202@OttilieKnowles.com - WBLWJPW2
__main__ WARNING Elton John Goodwill Gesture - Important Information Update
__main__ SUCCESS pamelascott@karsonharvey.com - GBYTTFL4
__main__ WARNING Elton John Goodwill Gesture - Important Information Update
__main__ SUCCESS Jade_Kennedy98@AlexiaEstes.com - CAVWBHW6
__main__ WARNING Elton John Goodwill Gesture - Important Information Update
__main__ SUCCESS Anita.Hill33@BobFrame.com - PJKPJJJ2
__main__ WARNING Elton John Goodwill Gesture - Important Information Update
__main__ SUCCESS tamarjanina@ottilieknowles.com - LTYGPBA4
__main__ WARNING Elton John Goodwill Gesture - Important Information Update
__main__ SUCCESS jadegarvin@cieranswan.com - XPLBNHC4
__main__ WARNING Elton John Goodwill Gesture - Important Information Update
__main__ SUCCESS Harvey_Cobb65@ZakariyaBlankenship.com - WMFNADH2
__main__ WARNING Elton John Goodwill Gesture - Important Information Update
__main__ SUCCESS elena_clayton@karsonharvey.com - VMURBPB2
__main__ WARNING Elton John Goodwill Gesture - Important Information Update
__main__ SUCCESS OliverGardner82@AntoinetteCraft.com - YDTNLXW6
__main__ WARNING Elton John Goodwill Gesture - Important Information Update
__main__ SUCCESS benny_poole@TaylanBowen.com - NCCNARU2
__main__ WARNING Elton John Goodwill Gesture - Important Information Update
__main__ SUCCESS daysimcmurray@bobframe.com - VXDGPXX2
__main__ WARNING Elton John Goodwill Gesture - Important Information Update
__main__ SUCCESS candice_perez@taylanbowen.com - RGCJUKM2
__main__ WARNING Elton John Goodwill Gesture - Important Information Update
__main__ SUCCESS lovie.solano@marvinsalt.com - KMDPXHS2
__main__ WARNING Elton John Goodwill Gesture - Important Information Update
__main__ SUCCESS rhondafoster@dannicraig.com - ZACBZFL2
__main__ WARNING Elton John Goodwill Gesture - Important Information Update
__main__ SUCCESS fidel_osgood@marvinsalt.com - UGGXDHH2
__main__ WARNING Elton John Goodwill Gesture - Important Information Update
__main__ SUCCESS hebemanning@karsonharvey.com - UHLTAMH2
__main__ WARNING Elton John Goodwill Gesture - Important Information Update
__main__ SUCCESS lilahill@ottilieknowles.com - LRCAGRM6
__main__ WARNING Elton John Goodwill Gesture - Important Information Update
__main__ SUCCESS jaimesantos@alexiaestes.com - XVSVTCD6
__main__ WARNING Elton John Goodwill Gesture - Important Information Update
__main__ SUCCESS alejandro.lawrence29@BobFrame.com - UWPTYYG6
__main__ WARNING Elton John Goodwill Gesture - Important Information Update
__main__ SUCCESS jett_plante@keyaanlangley.com - CGDAVAN4
__main__ WARNING Elton John Goodwill Gesture - Important Information Update
__main__ SUCCESS damien_uribe@aiyshalegge.com - AZMLTUG6
__main__ WARNING Elton John Goodwill Gesture - Important Information Update
__main__ SUCCESS devinstone@alexiaestes.com - FHVSPSJ2
__main__ WARNING Elton John Goodwill Gesture - Important Information Update
__main__ SUCCESS paulamorse@aiyshalegge.com - FDXHLYN2
__main__ WARNING Elton John Goodwill Gesture - Important Information Update
__main__ SUCCESS ben.duff89@lexiprince.com - RLXDKWR2
__main__ WARNING Elton John Goodwill Gesture - Important Information Update
__main__ SUCCESS warren_richardson@daisy-maeobrien.com - XCTAWYM6
__main__ WARNING Elton John Goodwill Gesture - Important Information Update
__main__ SUCCESS angieadkins@abubakrrosa.com - WMFSDMX2
