__main__ INFO Logged in to: TOMMY_CURRIER@OUTLOOK.COM
__main__ INFO Processing: Junk
__main__ INFO Processing: INBOX
__main__ ERROR TOMMY_CURRIER@OUTLOOK.COM
__main__ INFO Logged in to: GRAYCE_LILES@OUTLOOK.COM
__main__ INFO Processing: Junk
__main__ INFO Processing: INBOX
__main__ ERROR GRAYCE_LILES@OUTLOOK.COM
__main__ INFO Logged in to: KATHIE_NOVAK@OUTLOOK.COM
__main__ INFO Processing: Junk
__main__ INFO Processing: INBOX
__main__ ERROR KATHIE_NOVAK@OUTLOOK.COM
__main__ INFO Logged in to: AWILDA_KEYES@OUTLOOK.COM
__main__ INFO Processing: Junk
__main__ INFO Processing: INBOX
__main__ ERROR AWILDA_KEYES@OUTLOOK.COM
__main__ INFO Logged in to: MATT.POOLE19@OUTLOOK.COM
__main__ INFO Processing: Junk
__main__ INFO Processing: INBOX
__main__ SUCCESS matt.poole19@outlook.com - CYKHOS
__main__ INFO Logged in to: CLAUDTIRADO@OUTLOOK.COM
__main__ INFO Processing: Junk
__main__ INFO Processing: INBOX
__main__ ERROR CLAUDTIRADO@OUTLOOK.COM
__main__ INFO Logged in to: KARONMEADOR@OUTLOOK.COM
__main__ INFO Processing: Junk
__main__ INFO Processing: INBOX
__main__ SUCCESS karonmeador@outlook.com - SRJQVF
__main__ INFO Logged in to: ABBEY_ASH@OUTLOOK.COM
__main__ INFO Processing: Junk
__main__ INFO Processing: INBOX
__main__ SUCCESS Jerrold_Moe@outlook.com - FXIJSQ
__main__ SUCCESS Mimi_Kitchens@outlook.com - JTWKVP
__main__ SUCCESS Shin_Coronado@outlook.com - YLXWXG
__main__ SUCCESS Tyree.Ponder@outlook.com - CFWQCN
__main__ SUCCESS Abbey_Ash@outlook.com - VFUNXS
__main__ INFO Logged in to: IRINA_NILES@OUTLOOK.COM
__main__ INFO Processing: Junk
__main__ INFO Processing: INBOX
__main__ ERROR IRINA_NILES@OUTLOOK.COM
__main__ INFO Logged in to: ERLENE_ESCALANTE@OUTLOOK.COM
__main__ INFO Processing: Junk
__main__ INFO Processing: INBOX
__main__ ERROR ERLENE_ESCALANTE@OUTLOOK.COM
__main__ INFO Logged in to: KYRILLOS_MOSES@OUTLOOK.COM
__main__ INFO Processing: Junk
__main__ INFO Processing: INBOX
__main__ ERROR KYRILLOS_MOSES@OUTLOOK.COM
__main__ INFO Logged in to: ROSEMARIEKIM21@OUTLOOK.COM
__main__ INFO Processing: Junk
__main__ INFO Processing: INBOX
__main__ SUCCESS reneegomez24@outlook.com - AAAYWC
__main__ SUCCESS rosemariekim21@outlook.com - TOYWVY
__main__ INFO Logged in to: RALEIGH_CLANCY@OUTLOOK.COM
__main__ INFO Processing: Junk
__main__ INFO Processing: INBOX
__main__ ERROR RALEIGH_CLANCY@OUTLOOK.COM
__main__ INFO Logged in to: JUTTA_MONROE@OUTLOOK.COM
__main__ INFO Processing: Junk
__main__ INFO Processing: INBOX
__main__ ERROR JUTTA_MONROE@OUTLOOK.COM
__main__ INFO Logged in to: ELEANOR_PILCHARD@OUTLOOK.COM
__main__ INFO Processing: Junk
__main__ INFO Processing: INBOX
__main__ ERROR ELEANOR_PILCHARD@OUTLOOK.COM
__main__ INFO Logged in to: TEDDY_BERTRAND@OUTLOOK.COM
__main__ INFO Processing: Junk
__main__ INFO Processing: INBOX
__main__ ERROR TEDDY_BERTRAND@OUTLOOK.COM
__main__ INFO Logged in to: FAE_DAILEY@OUTLOOK.COM
__main__ INFO Processing: Junk
__main__ INFO Processing: INBOX
__main__ ERROR FAE_DAILEY@OUTLOOK.COM
__main__ INFO Logged in to: MAY.ABBOTT25@OUTLOOK.COM
__main__ INFO Processing: Junk
__main__ INFO Processing: INBOX
__main__ ERROR MAY.ABBOTT25@OUTLOOK.COM
__main__ INFO Logged in to: CARINA_BAGGINS@OUTLOOK.COM
__main__ INFO Processing: Junk
__main__ INFO Processing: INBOX
__main__ ERROR CARINA_BAGGINS@OUTLOOK.COM
__main__ INFO Logged in to: MIMI_KITCHENS@OUTLOOK.COM
__main__ INFO Processing: Junk
__main__ INFO Processing: INBOX
__main__ SUCCESS Jerrold_Moe@outlook.com - FXIJSQ
__main__ SUCCESS Mimi_Kitchens@outlook.com - JTWKVP
__main__ SUCCESS Shin_Coronado@outlook.com - YLXWXG
__main__ SUCCESS Tyree.Ponder@outlook.com - CFWQCN
__main__ SUCCESS Abbey_Ash@outlook.com - VFUNXS
__main__ ERROR RYLEEESCOBAR@MARVINSALT.COM - LOGIN FAILED
__main__ INFO Logged in to: WALDO_SWAN@OUTLOOK.COM
__main__ INFO Processing: Junk
__main__ INFO Processing: INBOX
__main__ ERROR WALDO_SWAN@OUTLOOK.COM
__main__ INFO Logged in to: LONA_EDGAR@OUTLOOK.COM
__main__ INFO Processing: Junk
__main__ INFO Processing: INBOX
__main__ ERROR LONA_EDGAR@OUTLOOK.COM
__main__ INFO Logged in to: ERNESTINA_MILTON@OUTLOOK.COM
__main__ INFO Processing: Junk
__main__ INFO Processing: INBOX
__main__ ERROR ERNESTINA_MILTON@OUTLOOK.COM
__main__ INFO Logged in to: JEFFREY_OROURKE@OUTLOOK.COM
__main__ INFO Processing: Junk
__main__ INFO Processing: INBOX
__main__ ERROR JEFFREY_OROURKE@OUTLOOK.COM
__main__ INFO Logged in to: ADRIA_LUNDY@OUTLOOK.COM
__main__ INFO Processing: Junk
__main__ INFO Processing: INBOX
__main__ ERROR ADRIA_LUNDY@OUTLOOK.COM
__main__ INFO Logged in to: TYREE.PONDER@OUTLOOK.COM
__main__ INFO Processing: Junk
__main__ INFO Processing: INBOX
__main__ SUCCESS Jerrold_Moe@outlook.com - FXIJSQ
__main__ SUCCESS Mimi_Kitchens@outlook.com - JTWKVP
__main__ SUCCESS Shin_Coronado@outlook.com - YLXWXG
__main__ SUCCESS Tyree.Ponder@outlook.com - CFWQCN
__main__ SUCCESS Abbey_Ash@outlook.com - VFUNXS
__main__ INFO Logged in to: DREMA_RUDOLPH@OUTLOOK.COM
__main__ INFO Processing: Junk
__main__ INFO Processing: INBOX
__main__ ERROR DREMA_RUDOLPH@OUTLOOK.COM
__main__ INFO Logged in to: FLETA_WHITLOCK@OUTLOOK.COM
__main__ INFO Processing: Junk
__main__ INFO Processing: INBOX
__main__ ERROR FLETA_WHITLOCK@OUTLOOK.COM
__main__ INFO Logged in to: BUSTER_ROOT@OUTLOOK.COM
__main__ INFO Processing: Junk
__main__ INFO Processing: INBOX
__main__ ERROR BUSTER_ROOT@OUTLOOK.COM
__main__ INFO Logged in to: SHERY_BOLLING@OUTLOOK.COM
__main__ INFO Processing: Junk
__main__ INFO Processing: INBOX
__main__ ERROR SHERY_BOLLING@OUTLOOK.COM
__main__ INFO Logged in to: LOGAN_CRANE@OUTLOOK.COM
__main__ INFO Processing: Junk
__main__ INFO Processing: INBOX
__main__ ERROR LOGAN_CRANE@OUTLOOK.COM
__main__ INFO Logged in to: VIVIENNE_CLAYTON@OUTLOOK.COM
__main__ INFO Processing: Junk
__main__ INFO Processing: INBOX
__main__ SUCCESS DANIELABALL6@OUTLOOK.COM - QXNDUS
__main__ SUCCESS DanishPerez40@outlook.com - GGSRYX
__main__ SUCCESS DivineCartwright45@outlook.com - QHLNUI
__main__ INFO Logged in to: JOYCE_COLLINS54@OUTLOOK.COM
__main__ INFO Processing: Junk
__main__ INFO Processing: INBOX
__main__ ERROR JOYCE_COLLINS54@OUTLOOK.COM
__main__ INFO Logged in to: CHERLYN_ALLEY@OUTLOOK.COM
__main__ INFO Processing: Junk
__main__ INFO Processing: INBOX
__main__ ERROR CHERLYN_ALLEY@OUTLOOK.COM
__main__ INFO Logged in to: FELTON_BAUM@OUTLOOK.COM
__main__ INFO Processing: Junk
__main__ INFO Processing: INBOX
__main__ ERROR FELTON_BAUM@OUTLOOK.COM
__main__ INFO Logged in to: MARYLEE_CHASTAIN@OUTLOOK.COM
__main__ INFO Processing: Junk
__main__ INFO Processing: INBOX
__main__ SUCCESS Shad.Barney@outlook.com - CFNUBN
__main__ INFO Logged in to: SO_BLOOM@OUTLOOK.COM
__main__ INFO Processing: Junk
__main__ INFO Processing: INBOX
__main__ SUCCESS Numbers_Hedrick@outlook.com - FZAAFR
__main__ INFO Logged in to: DARREN_ESPOSITO@OUTLOOK.COM
__main__ INFO Processing: Junk
__main__ INFO Processing: INBOX
__main__ ERROR DARREN_ESPOSITO@OUTLOOK.COM
__main__ INFO Logged in to: MARYBELLE_LEMON@OUTLOOK.COM
__main__ INFO Processing: Junk
__main__ INFO Processing: INBOX
__main__ SUCCESS Numbers_Hedrick@outlook.com - FZAAFR
__main__ INFO Logged in to: MARGARETA_LANGLEY@OUTLOOK.COM
__main__ INFO Processing: Junk
__main__ INFO Processing: INBOX
__main__ ERROR MARGARETA_LANGLEY@OUTLOOK.COM
__main__ INFO Logged in to: ELVERA_DOTY@OUTLOOK.COM
__main__ INFO Processing: Junk
__main__ INFO Processing: INBOX
__main__ ERROR ELVERA_DOTY@OUTLOOK.COM
__main__ INFO Logged in to: JANETH_PRESLEY@OUTLOOK.COM
__main__ INFO Processing: Junk
__main__ INFO Processing: INBOX
__main__ ERROR JANETH_PRESLEY@OUTLOOK.COM
__main__ INFO Logged in to: KATRINA.GREENE98@OUTLOOK.COM
__main__ INFO Processing: Junk
__main__ INFO Processing: INBOX
__main__ SUCCESS Katrina.Greene98@outlook.com - PNLLEW
__main__ INFO Logged in to: BRETT_DAVILA@OUTLOOK.COM
__main__ INFO Processing: Junk
__main__ INFO Processing: INBOX
__main__ ERROR BRETT_DAVILA@OUTLOOK.COM
__main__ INFO Logged in to: MARYAM_PRINCE@OUTLOOK.COM
__main__ INFO Processing: Junk
__main__ INFO Processing: INBOX
__main__ ERROR MARYAM_PRINCE@OUTLOOK.COM
__main__ INFO Logged in to: SOON_SCULLY@OUTLOOK.COM
__main__ INFO Processing: Junk
__main__ INFO Processing: INBOX
__main__ ERROR SOON_SCULLY@OUTLOOK.COM
__main__ INFO Logged in to: RICKIE_OLDHAM@OUTLOOK.COM
__main__ INFO Processing: Junk
__main__ INFO Processing: INBOX
__main__ ERROR RICKIE_OLDHAM@OUTLOOK.COM
__main__ INFO Logged in to: Janiece_Hannah@outlook.com
__main__ INFO Processing: Junk
__main__ INFO Processing: INBOX
__main__ ERROR Janiece_Hannah@outlook.com
__main__ INFO Logged in to: MILLY_YI@OUTLOOK.COM
__main__ INFO Processing: Junk
__main__ INFO Processing: INBOX
__main__ ERROR MILLY_YI@OUTLOOK.COM
__main__ INFO Logged in to: BENEDICT_GARVEY@OUTLOOK.COM
__main__ INFO Processing: Junk
__main__ INFO Processing: INBOX
__main__ SUCCESS clyde_bearden@outlook.com - JDIDUW
__main__ SUCCESS Mira_Chung@outlook.com - DUJITE
__main__ INFO Logged in to: CLYDE_BEARDEN@OUTLOOK.COM
__main__ INFO Processing: Junk
__main__ INFO Processing: INBOX
__main__ SUCCESS clyde_bearden@outlook.com - JDIDUW
__main__ SUCCESS Mira_Chung@outlook.com - DUJITE
__main__ INFO Logged in to: MANDIE.HARMAN19@OUTLOOK.COM
__main__ INFO Processing: Junk
__main__ INFO Processing: INBOX
__main__ ERROR MANDIE.HARMAN19@OUTLOOK.COM
__main__ INFO Logged in to: JANETH_HOLM@OUTLOOK.COM
__main__ INFO Processing: Junk
__main__ INFO Processing: INBOX
__main__ ERROR JANETH_HOLM@OUTLOOK.COM
__main__ INFO Logged in to: MILLARDALMANZA@OUTLOOK.COM
__main__ INFO Processing: Junk
__main__ INFO Processing: INBOX
__main__ ERROR MILLARDALMANZA@OUTLOOK.COM
__main__ INFO Logged in to: LIVIA_TEEL@OUTLOOK.COM
__main__ INFO Processing: Junk
__main__ INFO Processing: INBOX
__main__ ERROR LIVIA_TEEL@OUTLOOK.COM
__main__ INFO Logged in to: RICKIECREEL@OUTLOOK.COM
__main__ INFO Processing: Junk
__main__ INFO Processing: INBOX
__main__ SUCCESS karonmeador@outlook.com - SRJQVF
__main__ INFO Logged in to: ROBT_VALLES@OUTLOOK.COM
__main__ INFO Processing: Junk
__main__ INFO Processing: INBOX
__main__ ERROR ROBT_VALLES@OUTLOOK.COM
__main__ INFO Logged in to: EUSEBIO_BRENNER@OUTLOOK.COM
__main__ INFO Processing: Junk
__main__ INFO Processing: INBOX
__main__ ERROR EUSEBIO_BRENNER@OUTLOOK.COM
__main__ INFO Logged in to: GLADIS_PREWITT@OUTLOOK.COM
__main__ INFO Processing: Junk
__main__ INFO Processing: INBOX
__main__ ERROR GLADIS_PREWITT@OUTLOOK.COM
__main__ INFO Logged in to: WILEY_STROTHER@OUTLOOK.COM
__main__ INFO Processing: Junk
__main__ INFO Processing: INBOX
__main__ ERROR WILEY_STROTHER@OUTLOOK.COM
__main__ INFO Logged in to: BASIL_STPIERRE@OUTLOOK.COM
__main__ INFO Processing: Junk
__main__ INFO Processing: INBOX
__main__ ERROR BASIL_STPIERRE@OUTLOOK.COM
__main__ INFO Logged in to: JEWEL_FUCHS@OUTLOOK.COM
__main__ INFO Processing: Junk
__main__ INFO Processing: INBOX
__main__ ERROR JEWEL_FUCHS@OUTLOOK.COM
__main__ INFO Logged in to: STAR_PHAN@OUTLOOK.COM
__main__ INFO Processing: Junk
__main__ INFO Processing: INBOX
__main__ ERROR STAR_PHAN@OUTLOOK.COM
__main__ INFO Logged in to: KURTIS_WHITT@OUTLOOK.COM
__main__ INFO Processing: Junk
__main__ INFO Processing: INBOX
__main__ ERROR KURTIS_WHITT@OUTLOOK.COM
__main__ INFO Logged in to: DAMIAN_GREINER@OUTLOOK.COM
__main__ INFO Processing: Junk
__main__ INFO Processing: INBOX
__main__ ERROR DAMIAN_GREINER@OUTLOOK.COM
__main__ INFO Logged in to: TIERRA_MULLIN@OUTLOOK.COM
__main__ INFO Processing: Junk
__main__ INFO Processing: INBOX
__main__ ERROR TIERRA_MULLIN@OUTLOOK.COM
__main__ INFO Logged in to: SETH.SUMMERS769@OUTLOOK.COM
__main__ INFO Processing: Junk
__main__ INFO Processing: INBOX
__main__ ERROR SETH.SUMMERS769@OUTLOOK.COM
__main__ INFO Logged in to: RENEEGOMEZ24@OUTLOOK.COM
__main__ INFO Processing: Junk
__main__ INFO Processing: INBOX
__main__ SUCCESS reneegomez24@outlook.com - AAAYWC
__main__ SUCCESS rosemariekim21@outlook.com - TOYWVY
__main__ INFO Logged in to: GEORGIANA_TOLLIVER@OUTLOOK.COM
__main__ INFO Processing: Junk
__main__ INFO Processing: INBOX
__main__ ERROR GEORGIANA_TOLLIVER@OUTLOOK.COM
__main__ INFO Logged in to: KYRA_KENNY@OUTLOOK.COM
__main__ INFO Processing: Junk
__main__ INFO Processing: INBOX
__main__ ERROR KYRA_KENNY@OUTLOOK.COM
__main__ INFO Logged in to: DAVID_KEENAN49@OUTLOOK.COM
__main__ INFO Processing: Junk
__main__ INFO Processing: INBOX
__main__ ERROR DAVID_KEENAN49@OUTLOOK.COM
__main__ INFO Logged in to: JANENE_HARLAN@OUTLOOK.COM
__main__ INFO Processing: Junk
__main__ INFO Processing: INBOX
__main__ ERROR JANENE_HARLAN@OUTLOOK.COM
__main__ INFO Logged in to: MARCELINE_DUKE@OUTLOOK.COM
__main__ INFO Processing: Junk
__main__ INFO Processing: INBOX
__main__ ERROR MARCELINE_DUKE@OUTLOOK.COM
__main__ INFO Logged in to: Mervin_Stahl@outlook.com
__main__ INFO Processing: Junk
__main__ INFO Processing: INBOX
__main__ ERROR Mervin_Stahl@outlook.com
__main__ INFO Logged in to: KATHRIN_LARUE@OUTLOOK.COM
__main__ INFO Processing: Junk
__main__ INFO Processing: INBOX
__main__ ERROR KATHRIN_LARUE@OUTLOOK.COM
__main__ INFO Logged in to: REMY_PLUMB@OUTLOOK.COM
__main__ INFO Processing: Junk
__main__ INFO Processing: INBOX
__main__ ERROR REMY_PLUMB@OUTLOOK.COM
__main__ INFO Logged in to: Keren_Shifflett@outlook.com
__main__ INFO Processing: Junk
__main__ INFO Processing: INBOX
__main__ SUCCESS Numbers_Hedrick@outlook.com - FZAAFR
__main__ INFO Logged in to: JERROLD_MOE@OUTLOOK.COM
__main__ INFO Processing: Junk
__main__ INFO Processing: INBOX
__main__ SUCCESS Jerrold_Moe@outlook.com - FXIJSQ
__main__ SUCCESS Mimi_Kitchens@outlook.com - JTWKVP
__main__ SUCCESS Shin_Coronado@outlook.com - YLXWXG
__main__ SUCCESS Tyree.Ponder@outlook.com - CFWQCN
__main__ SUCCESS Abbey_Ash@outlook.com - VFUNXS
__main__ INFO Logged in to: LESLEE_FOURNIER@OUTLOOK.COM
__main__ INFO Processing: Junk
__main__ INFO Processing: INBOX
__main__ ERROR LESLEE_FOURNIER@OUTLOOK.COM
__main__ INFO Logged in to: Numbers_Hedrick@outlook.com
__main__ INFO Processing: Junk
__main__ INFO Processing: INBOX
__main__ SUCCESS Numbers_Hedrick@outlook.com - FZAAFR
__main__ INFO Logged in to: Charisse_Kemp@outlook.com
__main__ INFO Processing: Junk
__main__ INFO Processing: INBOX
__main__ SUCCESS Numbers_Hedrick@outlook.com - FZAAFR
__main__ INFO Logged in to: ELEANOR_BRIE@OUTLOOK.COM
__main__ INFO Processing: Junk
__main__ INFO Processing: INBOX
__main__ ERROR ELEANOR_BRIE@OUTLOOK.COM
__main__ INFO Logged in to: FRANCINA_EDGE@OUTLOOK.COM
__main__ INFO Processing: Junk
__main__ INFO Processing: INBOX
__main__ ERROR FRANCINA_EDGE@OUTLOOK.COM
__main__ INFO Logged in to: CHELSIE_FISCHER@OUTLOOK.COM
__main__ INFO Processing: Junk
__main__ INFO Processing: INBOX
__main__ ERROR CHELSIE_FISCHER@OUTLOOK.COM
__main__ INFO Logged in to: ALVERTA_STREET@OUTLOOK.COM
__main__ INFO Processing: Junk
__main__ INFO Processing: INBOX
__main__ ERROR ALVERTA_STREET@OUTLOOK.COM
__main__ INFO Logged in to: ROSANN_CARVALHO@OUTLOOK.COM
__main__ INFO Processing: Junk
__main__ INFO Processing: INBOX
__main__ ERROR ROSANN_CARVALHO@OUTLOOK.COM
__main__ INFO Logged in to: RANDOLF_BERNSTEIN@OUTLOOK.COM
__main__ INFO Processing: Junk
__main__ INFO Processing: INBOX
__main__ ERROR RANDOLF_BERNSTEIN@OUTLOOK.COM
__main__ INFO Logged in to: TINISHA_HOLLIDAY@OUTLOOK.COM
__main__ INFO Processing: Junk
__main__ INFO Processing: INBOX
__main__ ERROR TINISHA_HOLLIDAY@OUTLOOK.COM
__main__ INFO Logged in to: ORALIA_HATCHETT@OUTLOOK.COM
__main__ INFO Processing: Junk
__main__ INFO Processing: INBOX
__main__ ERROR ORALIA_HATCHETT@OUTLOOK.COM
__main__ INFO Logged in to: GERTHA.ROCKWELL@OUTLOOK.COM
__main__ INFO Processing: Junk
__main__ INFO Processing: INBOX
__main__ SUCCESS Shad.Barney@outlook.com - CFNUBN
__main__ INFO Logged in to: JEREMIAHGILBERT7@OUTLOOK.COM
__main__ INFO Processing: Junk
__main__ INFO Processing: INBOX
__main__ SUCCESS DANIELABALL6@OUTLOOK.COM - QXNDUS
__main__ SUCCESS DanishPerez40@outlook.com - GGSRYX
__main__ SUCCESS DivineCartwright45@outlook.com - QHLNUI
__main__ INFO Logged in to: NOHEMIPETTIT@OUTLOOK.COM
__main__ INFO Processing: Junk
__main__ INFO Processing: INBOX
__main__ ERROR NOHEMIPETTIT@OUTLOOK.COM
__main__ INFO Logged in to: ROSALIE_OWENS222@OUTLOOK.COM
__main__ INFO Processing: Junk
__main__ INFO Processing: INBOX
__main__ ERROR ROSALIE_OWENS222@OUTLOOK.COM
__main__ INFO Logged in to: AMINAHOROWITZ88@OUTLOOK.COM
__main__ INFO Processing: Junk
__main__ INFO Processing: INBOX
__main__ ERROR AMINAHOROWITZ88@OUTLOOK.COM
__main__ INFO Logged in to: VALDA_WHITEHEAD@OUTLOOK.COM
__main__ INFO Processing: Junk
__main__ INFO Processing: INBOX
__main__ ERROR VALDA_WHITEHEAD@OUTLOOK.COM
__main__ INFO Logged in to: RENEE.BUTLER44@OUTLOOK.COM
__main__ INFO Processing: Junk
__main__ INFO Processing: INBOX
__main__ ERROR RENEE.BUTLER44@OUTLOOK.COM
__main__ INFO Logged in to: LAI_DOW@OUTLOOK.COM
__main__ INFO Processing: Junk
__main__ INFO Processing: INBOX
__main__ ERROR LAI_DOW@OUTLOOK.COM
__main__ INFO Logged in to: RONALD.HAWKINS11@OUTLOOK.COM
__main__ INFO Processing: Junk
__main__ INFO Processing: INBOX
__main__ ERROR RONALD.HAWKINS11@OUTLOOK.COM
__main__ INFO Logged in to: ROSEMARIE.MALONE@OUTLOOK.COM
__main__ INFO Processing: Junk
__main__ INFO Processing: INBOX
__main__ ERROR ROSEMARIE.MALONE@OUTLOOK.COM
__main__ INFO Logged in to: DORIACULVER@OUTLOOK.COM
__main__ INFO Processing: Junk
__main__ INFO Processing: INBOX
__main__ ERROR DORIACULVER@OUTLOOK.COM
__main__ INFO Logged in to: AMALIACOMSTOCK@OUTLOOK.COM
__main__ INFO Processing: Junk
__main__ INFO Processing: INBOX
__main__ ERROR AMALIACOMSTOCK@OUTLOOK.COM
__main__ ERROR ZULMA.THORNBURG@OUTLOOK.COM - LOGIN FAILED
__main__ INFO Logged in to: LATESHA_SOLIZ@OUTLOOK.COM
__main__ INFO Processing: Junk
__main__ INFO Processing: INBOX
__main__ ERROR LATESHA_SOLIZ@OUTLOOK.COM
__main__ INFO Logged in to: EVE_SMOOT@OUTLOOK.COM
__main__ INFO Processing: Junk
__main__ INFO Processing: INBOX
__main__ ERROR EVE_SMOOT@OUTLOOK.COM
__main__ INFO Logged in to: DORATHY_CAMERON@OUTLOOK.COM
__main__ INFO Processing: Junk
__main__ INFO Processing: INBOX
__main__ ERROR DORATHY_CAMERON@OUTLOOK.COM
__main__ INFO Logged in to: ELLI_COPPOLA@OUTLOOK.COM
__main__ INFO Processing: Junk
__main__ INFO Processing: INBOX
__main__ ERROR ELLI_COPPOLA@OUTLOOK.COM
__main__ INFO Logged in to: STEPHENIE_LEBLANC@OUTLOOK.COM
__main__ INFO Processing: Junk
__main__ INFO Processing: INBOX
__main__ ERROR STEPHENIE_LEBLANC@OUTLOOK.COM
__main__ INFO Logged in to: JULIETTA_GAMBLE@OUTLOOK.COM
__main__ INFO Processing: Junk
__main__ INFO Processing: INBOX
__main__ SUCCESS Trent_Littleton@outlook.com - GTBLIJ
__main__ INFO Logged in to: SAM_RAWLS@OUTLOOK.COM
__main__ INFO Processing: Junk
__main__ INFO Processing: INBOX
__main__ SUCCESS clyde_bearden@outlook.com - JDIDUW
__main__ SUCCESS Mira_Chung@outlook.com - DUJITE
__main__ INFO Logged in to: GENIE_MANSFIELD@OUTLOOK.COM
__main__ INFO Processing: Junk
__main__ INFO Processing: INBOX
__main__ SUCCESS clyde_bearden@outlook.com - JDIDUW
__main__ SUCCESS Mira_Chung@outlook.com - DUJITE
__main__ INFO Logged in to: MIRA_CHUNG@OUTLOOK.COM
__main__ INFO Processing: Junk
__main__ INFO Processing: INBOX
__main__ SUCCESS clyde_bearden@outlook.com - JDIDUW
__main__ SUCCESS Mira_Chung@outlook.com - DUJITE
__main__ INFO Logged in to: LATIA_URBAN@OUTLOOK.COM
__main__ INFO Processing: Junk
__main__ INFO Processing: INBOX
__main__ SUCCESS clyde_bearden@outlook.com - JDIDUW
__main__ SUCCESS Mira_Chung@outlook.com - DUJITE
__main__ INFO Logged in to: PALMIRA_ALMOND@OUTLOOK.COM
__main__ INFO Processing: Junk
__main__ INFO Processing: INBOX
__main__ ERROR PALMIRA_ALMOND@OUTLOOK.COM
__main__ INFO Logged in to: LYNELL_KRUSE@OUTLOOK.COM
__main__ INFO Processing: Junk
__main__ INFO Processing: INBOX
__main__ ERROR LYNELL_KRUSE@OUTLOOK.COM
__main__ INFO Logged in to: GARFIELD_ECHOLS@OUTLOOK.COM
__main__ INFO Processing: Junk
__main__ INFO Processing: INBOX
__main__ ERROR GARFIELD_ECHOLS@OUTLOOK.COM
__main__ INFO Logged in to: TASHIA_RAND@OUTLOOK.COM
__main__ INFO Processing: Junk
__main__ INFO Processing: INBOX
__main__ ERROR TASHIA_RAND@OUTLOOK.COM
__main__ INFO Logged in to: Merlyn.Bartley@outlook.com
__main__ INFO Processing: Junk
__main__ INFO Processing: INBOX
__main__ ERROR Merlyn.Bartley@outlook.com
__main__ INFO Logged in to: SOFIA_FLEMMING@OUTLOOK.COM
__main__ INFO Processing: Junk
__main__ INFO Processing: INBOX
__main__ ERROR SOFIA_FLEMMING@OUTLOOK.COM
__main__ INFO Logged in to: ROLLAND_SEELEY@OUTLOOK.COM
__main__ INFO Processing: Junk
__main__ INFO Processing: INBOX
__main__ SUCCESS clyde_bearden@outlook.com - JDIDUW
__main__ SUCCESS Mira_Chung@outlook.com - DUJITE
__main__ INFO Logged in to: HARPER-CALDERON@OUTLOOK.COM
__main__ INFO Processing: Junk
__main__ INFO Processing: INBOX
__main__ ERROR HARPER-CALDERON@OUTLOOK.COM
__main__ INFO Logged in to: IVYKELLY22@OUTLOOK.COM
__main__ INFO Processing: Junk
__main__ INFO Processing: INBOX
__main__ ERROR IVYKELLY22@OUTLOOK.COM
__main__ INFO Logged in to: GREYSON.JENNINGS43@OUTLOOK.COM
__main__ INFO Processing: Junk
__main__ INFO Processing: INBOX
__main__ SUCCESS greyson.jennings43@outlook.com - QNYXLD
__main__ INFO Logged in to: MARTINA_VIGIL@OUTLOOK.COM
__main__ INFO Processing: Junk
__main__ INFO Processing: INBOX
__main__ ERROR MARTINA_VIGIL@OUTLOOK.COM
__main__ INFO Logged in to: LULU_STOREY@OUTLOOK.COM
__main__ INFO Processing: Junk
__main__ INFO Processing: INBOX
__main__ SUCCESS Jerrold_Moe@outlook.com - FXIJSQ
__main__ SUCCESS Mimi_Kitchens@outlook.com - JTWKVP
__main__ SUCCESS Shin_Coronado@outlook.com - YLXWXG
__main__ SUCCESS Tyree.Ponder@outlook.com - CFWQCN
__main__ SUCCESS Abbey_Ash@outlook.com - VFUNXS
__main__ INFO Logged in to: KIMBRA_PUCKETT@OUTLOOK.COM
__main__ INFO Processing: Junk
__main__ INFO Processing: INBOX
__main__ SUCCESS Jerrold_Moe@outlook.com - FXIJSQ
__main__ SUCCESS Mimi_Kitchens@outlook.com - JTWKVP
__main__ SUCCESS Shin_Coronado@outlook.com - YLXWXG
__main__ SUCCESS Tyree.Ponder@outlook.com - CFWQCN
__main__ SUCCESS Abbey_Ash@outlook.com - VFUNXS
__main__ INFO Logged in to: EMMA_BRYANT180@OUTLOOK.COM
__main__ INFO Processing: Junk
__main__ INFO Processing: INBOX
__main__ ERROR EMMA_BRYANT180@OUTLOOK.COM
__main__ INFO Logged in to: LINDSEY_HOLCOMBE@OUTLOOK.COM
__main__ INFO Processing: Junk
__main__ INFO Processing: INBOX
__main__ ERROR LINDSEY_HOLCOMBE@OUTLOOK.COM
__main__ INFO Logged in to: TRENT_LITTLETON@OUTLOOK.COM
__main__ INFO Processing: Junk
__main__ INFO Processing: INBOX
__main__ SUCCESS Trent_Littleton@outlook.com - GTBLIJ
__main__ INFO Logged in to: REVA_COBBS@OUTLOOK.COM
__main__ INFO Processing: Junk
__main__ INFO Processing: INBOX
__main__ SUCCESS Jerrold_Moe@outlook.com - FXIJSQ
__main__ SUCCESS Mimi_Kitchens@outlook.com - JTWKVP
__main__ SUCCESS Shin_Coronado@outlook.com - YLXWXG
__main__ SUCCESS Tyree.Ponder@outlook.com - CFWQCN
__main__ SUCCESS Abbey_Ash@outlook.com - VFUNXS
__main__ INFO Logged in to: JACQUELYNE_HARRELL@OUTLOOK.COM
__main__ INFO Processing: Junk
__main__ INFO Processing: INBOX
__main__ ERROR JACQUELYNE_HARRELL@OUTLOOK.COM
__main__ INFO Logged in to: REDA_BERUBE@OUTLOOK.COM
__main__ INFO Processing: Junk
__main__ INFO Processing: INBOX
__main__ ERROR REDA_BERUBE@OUTLOOK.COM
__main__ INFO Logged in to: DENNY_SWAN@OUTLOOK.COM
__main__ INFO Processing: Junk
__main__ INFO Processing: INBOX
__main__ ERROR DENNY_SWAN@OUTLOOK.COM
__main__ INFO Logged in to: JOETTA_NICKEL@OUTLOOK.COM
__main__ INFO Processing: Junk
__main__ INFO Processing: INBOX
__main__ ERROR JOETTA_NICKEL@OUTLOOK.COM
__main__ INFO Logged in to: CAROLA_PETER@OUTLOOK.COM
__main__ INFO Processing: Junk
__main__ INFO Processing: INBOX
__main__ ERROR CAROLA_PETER@OUTLOOK.COM
__main__ INFO Logged in to: TAMIE_GORHAM@OUTLOOK.COM
__main__ INFO Processing: Junk
__main__ INFO Processing: INBOX
__main__ ERROR TAMIE_GORHAM@OUTLOOK.COM
__main__ INFO Logged in to: LOURIE_BEALS@OUTLOOK.COM
__main__ INFO Processing: Junk
__main__ INFO Processing: INBOX
__main__ ERROR LOURIE_BEALS@OUTLOOK.COM
__main__ INFO Logged in to: PAZ_THORN@OUTLOOK.COM
__main__ INFO Processing: Junk
__main__ INFO Processing: INBOX
__main__ ERROR PAZ_THORN@OUTLOOK.COM
__main__ INFO Logged in to: LAKIA_OTTO@OUTLOOK.COM
__main__ INFO Processing: Junk
__main__ INFO Processing: INBOX
__main__ ERROR LAKIA_OTTO@OUTLOOK.COM
__main__ INFO Logged in to: MARTI_DURAN@OUTLOOK.COM
__main__ INFO Processing: Junk
__main__ INFO Processing: INBOX
__main__ ERROR MARTI_DURAN@OUTLOOK.COM
__main__ INFO Logged in to: Moriah_Stuart@outlook.com
__main__ INFO Processing: Junk
__main__ INFO Processing: INBOX
__main__ ERROR Moriah_Stuart@outlook.com
__main__ INFO Logged in to: LIBBIELAKE@OUTLOOK.COM
__main__ INFO Processing: Junk
__main__ INFO Processing: INBOX
__main__ ERROR LIBBIELAKE@OUTLOOK.COM
__main__ INFO Logged in to: SHANTELLEODOHERTY@OUTLOOK.COM
__main__ INFO Processing: Junk
__main__ INFO Processing: INBOX
__main__ ERROR SHANTELLEODOHERTY@OUTLOOK.COM
__main__ ERROR VENUTWESTHOFFS35@GMAIL.COM - LOGIN FAILED
__main__ INFO Logged in to: SUSANNE.TIMM14@OUTLOOK.COM
__main__ INFO Processing: Junk
__main__ INFO Processing: INBOX
__main__ ERROR SUSANNE.TIMM14@OUTLOOK.COM
__main__ INFO Logged in to: ALBINA_BATTLES@OUTLOOK.COM
__main__ INFO Processing: Junk
__main__ INFO Processing: INBOX
__main__ ERROR ALBINA_BATTLES@OUTLOOK.COM
__main__ INFO Logged in to: JONNA_WOFFORD@OUTLOOK.COM
__main__ INFO Processing: Junk
__main__ INFO Processing: INBOX
__main__ ERROR JONNA_WOFFORD@OUTLOOK.COM
__main__ INFO Logged in to: LIZZETTE_CASTLEBERRY@OUTLOOK.COM
__main__ INFO Processing: Junk
__main__ INFO Processing: INBOX
__main__ ERROR LIZZETTE_CASTLEBERRY@OUTLOOK.COM
__main__ INFO Logged in to: LAVON_GALARZA@OUTLOOK.COM
__main__ INFO Processing: Junk
__main__ INFO Processing: INBOX
__main__ ERROR LAVON_GALARZA@OUTLOOK.COM
__main__ INFO Logged in to: JENICE_WOMACK@OUTLOOK.COM
__main__ INFO Processing: Junk
__main__ INFO Processing: INBOX
__main__ ERROR JENICE_WOMACK@OUTLOOK.COM
__main__ INFO Logged in to: DIVINECARTWRIGHT45@OUTLOOK.COM
__main__ INFO Processing: Junk
__main__ INFO Processing: INBOX
__main__ SUCCESS DANIELABALL6@OUTLOOK.COM - QXNDUS
__main__ SUCCESS DanishPerez40@outlook.com - GGSRYX
__main__ SUCCESS DivineCartwright45@outlook.com - QHLNUI
__main__ INFO Logged in to: SHAD.BARNEY@OUTLOOK.COM
__main__ INFO Processing: Junk
__main__ INFO Processing: INBOX
__main__ SUCCESS Shad.Barney@outlook.com - CFNUBN
__main__ INFO Logged in to: CLARITA_BATCHELOR@OUTLOOK.COM
__main__ INFO Processing: Junk
__main__ INFO Processing: INBOX
__main__ ERROR CLARITA_BATCHELOR@OUTLOOK.COM
__main__ INFO Logged in to: MATILDE_PITRE@OUTLOOK.COM
__main__ INFO Processing: Junk
__main__ INFO Processing: INBOX
__main__ ERROR MATILDE_PITRE@OUTLOOK.COM
__main__ INFO Logged in to: VELVA_LANGSTON@OUTLOOK.COM
__main__ INFO Processing: Junk
__main__ INFO Processing: INBOX
__main__ ERROR VELVA_LANGSTON@OUTLOOK.COM
__main__ INFO Logged in to: CLIFF_WOODRUFF@OUTLOOK.COM
__main__ INFO Processing: Junk
__main__ INFO Processing: INBOX
__main__ ERROR CLIFF_WOODRUFF@OUTLOOK.COM
__main__ INFO Logged in to: CATHARINE_GRAFF15@OUTLOOK.COM
__main__ INFO Processing: Junk
__main__ INFO Processing: INBOX
__main__ ERROR CATHARINE_GRAFF15@OUTLOOK.COM
__main__ INFO Logged in to: LINTON_FABEL@OUTLOOK.COM
__main__ INFO Processing: Junk
__main__ INFO Processing: INBOX
__main__ ERROR LINTON_FABEL@OUTLOOK.COM
__main__ INFO Logged in to: DanishPerez40@outlook.com
__main__ INFO Processing: Junk
__main__ INFO Processing: INBOX
__main__ SUCCESS DANIELABALL6@OUTLOOK.COM - QXNDUS
__main__ SUCCESS DanishPerez40@outlook.com - GGSRYX
__main__ SUCCESS DivineCartwright45@outlook.com - QHLNUI
__main__ INFO Logged in to: SHAKITA_SHACKELFORD@OUTLOOK.COM
__main__ INFO Processing: Junk
__main__ INFO Processing: INBOX
__main__ ERROR SHAKITA_SHACKELFORD@OUTLOOK.COM
__main__ INFO Logged in to: ARDELL_KAYE@OUTLOOK.COM
__main__ INFO Processing: Junk
__main__ INFO Processing: INBOX
__main__ ERROR ARDELL_KAYE@OUTLOOK.COM
__main__ INFO Logged in to: GAYLE_WHALEY@OUTLOOK.COM
__main__ INFO Processing: Junk
__main__ INFO Processing: INBOX
__main__ SUCCESS clyde_bearden@outlook.com - JDIDUW
__main__ SUCCESS Mira_Chung@outlook.com - DUJITE
__main__ INFO Logged in to: MIGUELINA_RAUCH@OUTLOOK.COM
__main__ INFO Processing: Junk
__main__ INFO Processing: INBOX
__main__ ERROR MIGUELINA_RAUCH@OUTLOOK.COM
__main__ INFO Logged in to: Karleen_Haines@outlook.com
__main__ INFO Processing: Junk
__main__ INFO Processing: INBOX
__main__ ERROR Karleen_Haines@outlook.com
__main__ INFO Logged in to: CLARENCE.WRIGHT2@OUTLOOK.COM
__main__ INFO Processing: Junk
__main__ INFO Processing: INBOX
__main__ ERROR CLARENCE.WRIGHT2@OUTLOOK.COM
__main__ INFO Logged in to: MARIBELBRUNO@OUTLOOK.COM
__main__ INFO Processing: Junk
__main__ INFO Processing: INBOX
__main__ SUCCESS maribelbruno@outlook.com - CBDVMV
__main__ ERROR NICHOLASWEBSTER18@OUTLOOK.COM - LOGIN FAILED
__main__ INFO Logged in to: DENISE_OWENS9@OUTLOOK.COM
__main__ INFO Processing: Junk
__main__ INFO Processing: INBOX
__main__ ERROR DENISE_OWENS9@OUTLOOK.COM
__main__ ERROR VEER_HUSSAIN@OUTLOOK.COM - LOGIN FAILED
__main__ INFO Logged in to: NANA_GOEBEL@OUTLOOK.COM
__main__ INFO Processing: Junk
__main__ INFO Processing: INBOX
__main__ ERROR NANA_GOEBEL@OUTLOOK.COM
__main__ INFO Logged in to: ISAIAS_REED345@OUTLOOK.COM
__main__ INFO Processing: Junk
__main__ INFO Processing: INBOX
__main__ SUCCESS isaias_reed345@outlook.com - YYTFOM
__main__ INFO Logged in to: LEILACOCHRANE@OUTLOOK.COM
__main__ INFO Processing: Junk
__main__ INFO Processing: INBOX
__main__ ERROR LEILACOCHRANE@OUTLOOK.COM
__main__ INFO Logged in to: SORAYAFULLER@OUTLOOK.COM
__main__ INFO Processing: Junk
__main__ INFO Processing: INBOX
__main__ ERROR SORAYAFULLER@OUTLOOK.COM
__main__ INFO Logged in to: JODIECOPE17@OUTLOOK.COM
__main__ INFO Processing: Junk
__main__ INFO Processing: INBOX
__main__ ERROR JODIECOPE17@OUTLOOK.COM
__main__ INFO Logged in to: ANDREW_PRICE101@OUTLOOK.COM
__main__ INFO Processing: Junk
__main__ INFO Processing: INBOX
__main__ ERROR ANDREW_PRICE101@OUTLOOK.COM
__main__ INFO Logged in to: DAISY.WILLIAMS41@OUTLOOK.COM
__main__ INFO Processing: Junk
__main__ INFO Processing: INBOX
__main__ ERROR DAISY.WILLIAMS41@OUTLOOK.COM
__main__ INFO Logged in to: LYLA_RIGBY@OUTLOOK.COM
__main__ INFO Processing: Junk
__main__ INFO Processing: INBOX
__main__ ERROR LYLA_RIGBY@OUTLOOK.COM
__main__ INFO Logged in to: LYNREDMAN14@OUTLOOK.COM
__main__ INFO Processing: Junk
__main__ INFO Processing: INBOX
__main__ ERROR LYNREDMAN14@OUTLOOK.COM
__main__ INFO Logged in to: ROCCO_COOMBS@OUTLOOK.COM
__main__ INFO Processing: Junk
__main__ INFO Processing: INBOX
__main__ ERROR ROCCO_COOMBS@OUTLOOK.COM
__main__ INFO Logged in to: CHER_CHAVARRIA@OUTLOOK.COM
__main__ INFO Processing: Junk
__main__ INFO Processing: INBOX
__main__ SUCCESS Trent_Littleton@outlook.com - GTBLIJ
__main__ INFO Logged in to: RENETTA_MARCHAND@OUTLOOK.COM
__main__ INFO Processing: Junk
__main__ INFO Processing: INBOX
__main__ SUCCESS clyde_bearden@outlook.com - JDIDUW
__main__ SUCCESS Mira_Chung@outlook.com - DUJITE
__main__ INFO Logged in to: SHABAZ.BUCK@OUTLOOK.COM
__main__ INFO Processing: Junk
__main__ INFO Processing: INBOX
__main__ SUCCESS Shabaz.Buck@outlook.com - ZVQLYZ
__main__ INFO Logged in to: LONNA_ADDISON@OUTLOOK.COM
__main__ INFO Processing: Junk
__main__ INFO Processing: INBOX
__main__ ERROR LONNA_ADDISON@OUTLOOK.COM
__main__ INFO Logged in to: LARITA_HEARN@OUTLOOK.COM
__main__ INFO Processing: Junk
__main__ INFO Processing: INBOX
__main__ ERROR LARITA_HEARN@OUTLOOK.COM
__main__ INFO Logged in to: SUNG.PETRIE@OUTLOOK.COM
__main__ INFO Processing: Junk
__main__ INFO Processing: INBOX
__main__ ERROR SUNG.PETRIE@OUTLOOK.COM
__main__ INFO Logged in to: Eufemia_Barr@outlook.com
__main__ INFO Processing: Junk
__main__ INFO Processing: INBOX
__main__ SUCCESS Trent_Littleton@outlook.com - GTBLIJ
__main__ INFO Logged in to: Joannie_Hutchinson@outlook.com
__main__ INFO Processing: Junk
__main__ INFO Processing: INBOX
__main__ ERROR Joannie_Hutchinson@outlook.com
__main__ INFO Logged in to: LEA.MARINO78@OUTLOOK.COM
__main__ INFO Processing: Junk
__main__ INFO Processing: INBOX
__main__ ERROR LEA.MARINO78@OUTLOOK.COM
__main__ ERROR OLIVE.SANDERS33@OUTLOOK.COM - LOGIN FAILED
__main__ INFO Logged in to: LULUSNIDER@OUTLOOK.COM
__main__ INFO Processing: Junk
__main__ INFO Processing: INBOX
__main__ ERROR LULUSNIDER@OUTLOOK.COM
__main__ INFO Logged in to: TAWANDA.DARDEN@OUTLOOK.COM
__main__ INFO Processing: Junk
__main__ INFO Processing: INBOX
__main__ ERROR TAWANDA.DARDEN@OUTLOOK.COM
__main__ INFO Logged in to: MENDYESPINAL@OUTLOOK.COM
__main__ INFO Processing: Junk
__main__ INFO Processing: INBOX
__main__ ERROR MENDYESPINAL@OUTLOOK.COM
__main__ INFO Logged in to: SHIN_CORONADO@OUTLOOK.COM
__main__ INFO Processing: Junk
__main__ INFO Processing: INBOX
__main__ SUCCESS Jerrold_Moe@outlook.com - FXIJSQ
__main__ SUCCESS Mimi_Kitchens@outlook.com - JTWKVP
__main__ SUCCESS Shin_Coronado@outlook.com - YLXWXG
__main__ SUCCESS Tyree.Ponder@outlook.com - CFWQCN
__main__ SUCCESS Abbey_Ash@outlook.com - VFUNXS
__main__ INFO Logged in to: DANIELABALL6@OUTLOOK.COM
__main__ INFO Processing: Junk
__main__ INFO Processing: INBOX
__main__ SUCCESS DANIELABALL6@OUTLOOK.COM - QXNDUS
__main__ SUCCESS DanishPerez40@outlook.com - GGSRYX
__main__ SUCCESS DivineCartwright45@outlook.com - QHLNUI
__main__ INFO Logged in to: ARON_COCHRAN@OUTLOOK.COM
__main__ INFO Processing: Junk
__main__ INFO Processing: INBOX
__main__ ERROR ARON_COCHRAN@OUTLOOK.COM
__main__ INFO Logged in to: MISTI_HATHAWAY@OUTLOOK.COM
__main__ INFO Processing: Junk
__main__ INFO Processing: INBOX
__main__ ERROR MISTI_HATHAWAY@OUTLOOK.COM
__main__ INFO Logged in to: TONY_HAYERS@OUTLOOK.COM
__main__ INFO Processing: Junk
__main__ INFO Processing: INBOX
__main__ ERROR TONY_HAYERS@OUTLOOK.COM
__main__ INFO Logged in to: CODY_BRADLEY22@OUTLOOK.COM
__main__ INFO Processing: Junk
__main__ INFO Processing: INBOX
__main__ ERROR CODY_BRADLEY22@OUTLOOK.COM
__main__ INFO Logged in to: SAU_FINCH@OUTLOOK.COM
__main__ INFO Processing: Junk
__main__ INFO Processing: INBOX
__main__ ERROR SAU_FINCH@OUTLOOK.COM
__main__ INFO Logged in to: OPHELIA.RIDLEY1@OUTLOOK.COM
__main__ INFO Processing: Junk
__main__ INFO Processing: INBOX
__main__ ERROR OPHELIA.RIDLEY1@OUTLOOK.COM
__main__ INFO Logged in to: SONNIE.VO@OUTLOOK.COM
__main__ INFO Processing: Junk
__main__ INFO Processing: INBOX
__main__ SUCCESS Nicole_Hinton22@outlook.com - MDKHDQ
__main__ SUCCESS Sonnie.Vo@outlook.com - TLJXSV
__main__ INFO Logged in to: NICOLE_HINTON22@OUTLOOK.COM
__main__ INFO Processing: Junk
__main__ INFO Processing: INBOX
__main__ SUCCESS Nicole_Hinton22@outlook.com - MDKHDQ
__main__ SUCCESS Sonnie.Vo@outlook.com - TLJXSV
__main__ INFO Logged in to: JAYDN.PHAN@OUTLOOK.COM
__main__ INFO Processing: Junk
__main__ INFO Processing: INBOX
__main__ ERROR JAYDN.PHAN@OUTLOOK.COM
__main__ INFO Logged in to: KAY.ADKINS22@OUTLOOK.COM
__main__ INFO Processing: Junk
__main__ INFO Processing: INBOX
__main__ ERROR KAY.ADKINS22@OUTLOOK.COM
__main__ INFO Logged in to: MAGDALENE_YOON@OUTLOOK.COM
__main__ INFO Processing: Junk
__main__ INFO Processing: INBOX
__main__ ERROR MAGDALENE_YOON@OUTLOOK.COM
__main__ INFO Logged in to: COLLETTE.CORRIGAN@OUTLOOK.COM
__main__ INFO Processing: Junk
__main__ INFO Processing: INBOX
__main__ ERROR COLLETTE.CORRIGAN@OUTLOOK.COM
__main__ INFO Logged in to: ARNETTE_CASWELL@OUTLOOK.COM
__main__ INFO Processing: Junk
__main__ INFO Processing: INBOX
__main__ ERROR ARNETTE_CASWELL@OUTLOOK.COM
__main__ INFO Logged in to: JACLYN_PAULSON@OUTLOOK.COM
__main__ INFO Processing: Junk
__main__ INFO Processing: INBOX
__main__ ERROR JACLYN_PAULSON@OUTLOOK.COM
__main__ INFO Logged in to: ALISON_BERGAS@OUTLOOK.COM
__main__ INFO Processing: Junk
__main__ INFO Processing: INBOX
__main__ SUCCESS Numbers_Hedrick@outlook.com - FZAAFR
__main__ INFO Logged in to: CATARINA_NEGRON@OUTLOOK.COM
__main__ INFO Processing: Junk
__main__ INFO Processing: INBOX
__main__ ERROR CATARINA_NEGRON@OUTLOOK.COM
__main__ INFO Logged in to: MIRA_PERREAULT@OUTLOOK.COM
__main__ INFO Processing: Junk
__main__ INFO Processing: INBOX
__main__ ERROR MIRA_PERREAULT@OUTLOOK.COM
__main__ INFO Logged in to: THOMAS_BEEBE@OUTLOOK.COM
__main__ INFO Processing: Junk
__main__ INFO Processing: INBOX
__main__ ERROR THOMAS_BEEBE@OUTLOOK.COM
__main__ INFO Logged in to: ALLENE_BARROWS@OUTLOOK.COM
__main__ INFO Processing: Junk
__main__ INFO Processing: INBOX
__main__ ERROR ALLENE_BARROWS@OUTLOOK.COM
__main__ INFO Logged in to: SHANIQUA_FARR@OUTLOOK.COM
__main__ INFO Processing: Junk
__main__ INFO Processing: INBOX
__main__ ERROR SHANIQUA_FARR@OUTLOOK.COM
__main__ INFO Logged in to: DORLA_BERNARD@OUTLOOK.COM
__main__ INFO Processing: Junk
__main__ INFO Processing: INBOX
__main__ ERROR DORLA_BERNARD@OUTLOOK.COM
__main__ INFO Logged in to: LES_HAND@OUTLOOK.COM
__main__ INFO Processing: Junk
__main__ INFO Processing: INBOX
__main__ ERROR LES_HAND@OUTLOOK.COM
__main__ INFO Logged in to: PETER_STAKER@OUTLOOK.COM
__main__ INFO Processing: Junk
__main__ INFO Processing: INBOX
__main__ ERROR PETER_STAKER@OUTLOOK.COM
__main__ INFO Logged in to: LAVERNA_KIDD@OUTLOOK.COM
__main__ INFO Processing: Junk
__main__ INFO Processing: INBOX
__main__ ERROR LAVERNA_KIDD@OUTLOOK.COM
__main__ INFO Logged in to: JEANICE_ROMO@OUTLOOK.COM
__main__ INFO Processing: Junk
__main__ INFO Processing: INBOX
__main__ ERROR JEANICE_ROMO@OUTLOOK.COM
__main__ INFO Logged in to: GARY_LAFFER@OUTLOOK.COM
__main__ INFO Processing: Junk
__main__ INFO Processing: INBOX
__main__ SUCCESS clyde_bearden@outlook.com - JDIDUW
__main__ SUCCESS Mira_Chung@outlook.com - DUJITE
__main__ INFO Logged in to: Effie_Jeffries@outlook.com
__main__ INFO Processing: Junk
__main__ INFO Processing: INBOX
__main__ SUCCESS clyde_bearden@outlook.com - JDIDUW
__main__ SUCCESS Mira_Chung@outlook.com - DUJITE
__main__ INFO Logged in to: Haywood_Kiefer@outlook.com
__main__ INFO Processing: Junk
__main__ INFO Processing: INBOX
__main__ ERROR Haywood_Kiefer@outlook.com
__main__ INFO Logged in to: ELADIA_DEAL@OUTLOOK.COM
__main__ INFO Processing: Junk
__main__ INFO Processing: INBOX
__main__ ERROR ELADIA_DEAL@OUTLOOK.COM
__main__ INFO Logged in to: MARKETTA_SELBY@OUTLOOK.COM
__main__ INFO Processing: Junk
__main__ INFO Processing: INBOX
__main__ ERROR MARKETTA_SELBY@OUTLOOK.COM
__main__ INFO Logged in to: LATICIA_JORGENSEN@OUTLOOK.COM
__main__ INFO Processing: Junk
__main__ INFO Processing: INBOX
__main__ ERROR LATICIA_JORGENSEN@OUTLOOK.COM
__main__ INFO Logged in to: BILLY_DALEY@OUTLOOK.COM
__main__ INFO Processing: Junk
__main__ INFO Processing: INBOX
__main__ ERROR BILLY_DALEY@OUTLOOK.COM
__main__ INFO Logged in to: MATTHEW_BELCHER13@OUTLOOK.COM
__main__ INFO Processing: Junk
__main__ INFO Processing: INBOX
__main__ ERROR MATTHEW_BELCHER13@OUTLOOK.COM
__main__ INFO Logged in to: AHSTONOTTENS@OUTLOOK.COM
__main__ INFO Processing: Junk
__main__ INFO Processing: INBOX
__main__ ERROR AHSTONOTTENS@OUTLOOK.COM
__main__ INFO Logged in to: ALEXARDOVINI@OUTLOOK.COM
__main__ INFO Processing: Junk
__main__ INFO Processing: INBOX
__main__ ERROR ALEXARDOVINI@OUTLOOK.COM
__main__ ERROR MILAWILCOX@OUTLOOK.COM - LOGIN FAILED
__main__ INFO Logged in to: MILISSA_HOANG@OUTLOOK.COM
__main__ INFO Processing: Junk
__main__ INFO Processing: INBOX
__main__ ERROR MILISSA_HOANG@OUTLOOK.COM
__main__ INFO Logged in to: GRAZYNA_BEVERLY@OUTLOOK.COM
__main__ INFO Processing: Junk
__main__ INFO Processing: INBOX
__main__ ERROR GRAZYNA_BEVERLY@OUTLOOK.COM
__main__ INFO Logged in to: DIRK_ARTIS@OUTLOOK.COM
__main__ INFO Processing: Junk
__main__ INFO Processing: INBOX
__main__ ERROR DIRK_ARTIS@OUTLOOK.COM
__main__ INFO Logged in to: ZORA_CHUNG@OUTLOOK.COM
__main__ INFO Processing: Junk
__main__ INFO Processing: INBOX
__main__ ERROR ZORA_CHUNG@OUTLOOK.COM
__main__ INFO Logged in to: RIGOBERTO_BEANE@OUTLOOK.COM
__main__ INFO Processing: Junk
__main__ INFO Processing: INBOX
__main__ ERROR RIGOBERTO_BEANE@OUTLOOK.COM
__main__ INFO Logged in to: Denita_Valenti@outlook.com
__main__ INFO Processing: Junk
__main__ INFO Processing: INBOX
__main__ SUCCESS Numbers_Hedrick@outlook.com - FZAAFR
__main__ INFO Logged in to: WILLENE_WILLSON@OUTLOOK.COM
__main__ INFO Processing: Junk
__main__ INFO Processing: INBOX
__main__ ERROR WILLENE_WILLSON@OUTLOOK.COM
__main__ INFO Logged in to: MARYANNE_LINVILLE@OUTLOOK.COM
__main__ INFO Processing: Junk
__main__ INFO Processing: INBOX
__main__ ERROR MARYANNE_LINVILLE@OUTLOOK.COM
__main__ INFO Logged in to: LADONNA_RAYBURN@OUTLOOK.COM
__main__ INFO Processing: Junk
__main__ INFO Processing: INBOX
__main__ ERROR LADONNA_RAYBURN@OUTLOOK.COM
__main__ INFO Logged in to: LATISHA_DICKERSON@OUTLOOK.COM
__main__ INFO Processing: Junk
__main__ INFO Processing: INBOX
__main__ ERROR LATISHA_DICKERSON@OUTLOOK.COM
__main__ INFO Logged in to: DARIENFIELDS75@OUTLOOK.COM
__main__ INFO Processing: Junk
__main__ INFO Processing: INBOX
__main__ SUCCESS venutwesthoffs35@gmail.com - CNIPVG
__main__ INFO Logged in to: ADNANHARVEY11@OUTLOOK.COM
__main__ INFO Processing: Junk
__main__ INFO Processing: INBOX
__main__ SUCCESS DANIELABALL6@OUTLOOK.COM - QXNDUS
__main__ SUCCESS DanishPerez40@outlook.com - GGSRYX
__main__ SUCCESS DivineCartwright45@outlook.com - QHLNUI
__main__ ERROR JEANPRICE3@OUTLOOK.COM - LOGIN FAILED
__main__ INFO Logged in to: DARELL_LEDBETTER@OUTLOOK.COM
__main__ INFO Processing: Junk
__main__ INFO Processing: INBOX
__main__ ERROR DARELL_LEDBETTER@OUTLOOK.COM
