__main__ INFO Logged in to: ROBERT_QUINN2@OUTLOOK.COM
__main__ INFO Processing: Junk
__main__ INFO Processing: INBOX
__main__ WARNING New Dates Confirmed: The Offspring + Sum 41
__main__ SUCCESS tabitha_pena09@outlook.com - 27719577
__main__ WARNING New Dates Confirmed: The Offspring + Sum 41
__main__ SUCCESS robert_quinn2@outlook.com - ["27719362"]
__main__ INFO Logged in to: Earnestine_Gilmore@outlook.com
__main__ INFO Processing: Junk
__main__ INFO Processing: INBOX
__main__ WARNING New Dates Confirmed: The Offspring + Sum 41
__main__ SUCCESS kary_tidwell@outlook.com - ["32284752"]
__main__ WARNING New Dates Confirmed: The Offspring + Sum 41
__main__ SUCCESS earnestine_gilmore@outlook.com - ["32321273"]
__main__ INFO Logged in to: ANJABERUBE@OUTLOOK.COM
__main__ INFO Processing: Junk
__main__ INFO Processing: INBOX
__main__ WARNING New Dates Confirmed: The Offspring + Sum 41
__main__ SUCCESS anjaberube@outlook.com - ["27723611"]
__main__ INFO Logged in to: MAXCHAMBERS80@OUTLOOK.COM
__main__ INFO Processing: Junk
__main__ INFO Processing: INBOX
__main__ WARNING New Dates Confirmed: The Offspring + Sum 41
__main__ SUCCESS augustashulammit@outlook.com - ["25833255"]
__main__ WARNING New Dates Confirmed: The Offspring + Sum 41
__main__ WARNING New Dates Confirmed: The Offspring + Sum 41
__main__ WARNING New Dates Confirmed: The Offspring + Sum 41
__main__ WARNING New Dates Confirmed: The Offspring + Sum 41
__main__ WARNING New Dates Confirmed: The Offspring + Sum 41
__main__ WARNING New Dates Confirmed: The Offspring + Sum 41
__main__ WARNING New Dates Confirmed: The Offspring + Sum 41
__main__ WARNING New Dates Confirmed: The Offspring + Sum 41
__main__ SUCCESS tamarjanina@outlook.com - ["25833171"]
__main__ WARNING New Dates Confirmed: The Offspring + Sum 41
__main__ SUCCESS leonking80@outlook.com - ["25798219"]
__main__ WARNING New Dates Confirmed: The Offspring + Sum 41
__main__ SUCCESS silvestrairma21@outlook.com - ["25833127"]
__main__ WARNING New Dates Confirmed: The Offspring + Sum 41
__main__ SUCCESS devinstone15@outlook.com - ["25812462"]
__main__ WARNING New Dates Confirmed: The Offspring + Sum 41
__main__ SUCCESS fatmirvalentine@outlook.com - ["25833144"]
__main__ WARNING New Dates Confirmed: The Offspring + Sum 41
__main__ SUCCESS maxchambers80@outlook.com - ["25797736"]
__main__ WARNING New Dates Confirmed: The Offspring + Sum 41
__main__ SUCCESS darienfields75@outlook.com - ["25812595"]
__main__ INFO Logged in to: LEONKING80@OUTLOOK.COM
__main__ INFO Processing: Junk
__main__ INFO Processing: INBOX
__main__ WARNING New Dates Confirmed: The Offspring + Sum 41
__main__ SUCCESS augustashulammit@outlook.com - ["25833255"]
__main__ WARNING New Dates Confirmed: The Offspring + Sum 41
__main__ WARNING New Dates Confirmed: The Offspring + Sum 41
__main__ WARNING New Dates Confirmed: The Offspring + Sum 41
__main__ WARNING New Dates Confirmed: The Offspring + Sum 41
__main__ WARNING New Dates Confirmed: The Offspring + Sum 41
__main__ WARNING New Dates Confirmed: The Offspring + Sum 41
__main__ WARNING New Dates Confirmed: The Offspring + Sum 41
__main__ WARNING New Dates Confirmed: The Offspring + Sum 41
__main__ SUCCESS tamarjanina@outlook.com - ["25833171"]
__main__ WARNING New Dates Confirmed: The Offspring + Sum 41
__main__ SUCCESS leonking80@outlook.com - ["25798219"]
__main__ WARNING New Dates Confirmed: The Offspring + Sum 41
__main__ SUCCESS silvestrairma21@outlook.com - ["25833127"]
__main__ WARNING New Dates Confirmed: The Offspring + Sum 41
__main__ SUCCESS devinstone15@outlook.com - ["25812462"]
__main__ WARNING New Dates Confirmed: The Offspring + Sum 41
__main__ SUCCESS fatmirvalentine@outlook.com - ["25833144"]
__main__ WARNING New Dates Confirmed: The Offspring + Sum 41
__main__ SUCCESS maxchambers80@outlook.com - ["25797736"]
__main__ WARNING New Dates Confirmed: The Offspring + Sum 41
__main__ SUCCESS darienfields75@outlook.com - ["25812595"]
__main__ INFO Logged in to: TODD_BENNETT35@OUTLOOK.COM
__main__ INFO Processing: Junk
__main__ INFO Processing: INBOX
__main__ WARNING New Dates Confirmed: The Offspring + Sum 41
__main__ WARNING New Dates Confirmed: The Offspring + Sum 41
__main__ SUCCESS todd_bennett35@outlook.com - ["28129315"]
__main__ INFO Logged in to: alecwood223@outlook.com
__main__ INFO Processing: Junk
__main__ INFO Processing: INBOX
__main__ WARNING New Dates Confirmed: The Offspring + Sum 41
__main__ SUCCESS alecwood223@outlook.com - ["25261427"]
__main__ INFO Logged in to: rickiecreel@outlook.com
__main__ INFO Processing: Junk
__main__ INFO Processing: INBOX
