__main__ INFO -------------------------
__main__ INFO Logged in to: ROBERT_QUINN2@OUTLOOK.COM
__main__ INFO Processing: Junk
__main__ INFO Processing: INBOX
__main__ WARNING New Dates Confirmed: The Offspring + Sum 41
__main__ SUCCESS tabitha_pena09@outlook.com - 27719577 - 7
__main__ WARNING New Dates Confirmed: The Offspring + Sum 41
__main__ SUCCESS robert_quinn2@outlook.com - 27719362 - 2
__main__ INFO -------------------------
__main__ INFO Logged in to: Earnestine_Gilmore@outlook.com
__main__ INFO Processing: Junk
__main__ INFO Processing: INBOX
__main__ WARNING New Dates Confirmed: The Offspring + Sum 41
__main__ SUCCESS kary_tidwell@outlook.com - 32284752 - 3
__main__ WARNING New Dates Confirmed: The Offspring + Sum 41
__main__ SUCCESS earnestine_gilmore@outlook.com - 32321273 - 7
__main__ INFO -------------------------
__main__ INFO Logged in to: ANJABERUBE@OUTLOOK.COM
__main__ INFO Processing: Junk
__main__ INFO Processing: INBOX
__main__ WARNING New Dates Confirmed: The Offspring + Sum 41
__main__ SUCCESS anjaberube@outlook.com - 27723611 - 6
__main__ INFO -------------------------
__main__ INFO Logged in to: MAXCHAMBERS80@OUTLOOK.COM
__main__ INFO Processing: Junk
__main__ INFO Processing: INBOX
__main__ WARNING New Dates Confirmed: The Offspring + Sum 41
__main__ SUCCESS augustashulammit@outlook.com - 25833255 - 4
__main__ WARNING New Dates Confirmed: The Offspring + Sum 41
__main__ ERROR MAXCHAMBERS80@OUTLOOK.COM
__main__ WARNING New Dates Confirmed: The Offspring + Sum 41
__main__ ERROR MAXCHAMBERS80@OUTLOOK.COM
__main__ WARNING New Dates Confirmed: The Offspring + Sum 41
__main__ ERROR MAXCHAMBERS80@OUTLOOK.COM
__main__ WARNING New Dates Confirmed: The Offspring + Sum 41
__main__ ERROR MAXCHAMBERS80@OUTLOOK.COM
__main__ WARNING New Dates Confirmed: The Offspring + Sum 41
__main__ ERROR MAXCHAMBERS80@OUTLOOK.COM
__main__ WARNING New Dates Confirmed: The Offspring + Sum 41
__main__ ERROR MAXCHAMBERS80@OUTLOOK.COM
__main__ WARNING New Dates Confirmed: The Offspring + Sum 41
__main__ ERROR MAXCHAMBERS80@OUTLOOK.COM
__main__ WARNING New Dates Confirmed: The Offspring + Sum 41
__main__ SUCCESS tamarjanina@outlook.com - 25833171 - 4
__main__ WARNING New Dates Confirmed: The Offspring + Sum 41
__main__ SUCCESS leonking80@outlook.com - 25798219 - 8
__main__ WARNING New Dates Confirmed: The Offspring + Sum 41
__main__ SUCCESS silvestrairma21@outlook.com - 25833127 - 2
__main__ WARNING New Dates Confirmed: The Offspring + Sum 41
__main__ SUCCESS devinstone15@outlook.com - 25812462 - 2
__main__ WARNING New Dates Confirmed: The Offspring + Sum 41
__main__ SUCCESS fatmirvalentine@outlook.com - 25833144 - 2
__main__ WARNING New Dates Confirmed: The Offspring + Sum 41
__main__ SUCCESS maxchambers80@outlook.com - 25797736 - 7
__main__ WARNING New Dates Confirmed: The Offspring + Sum 41
__main__ SUCCESS darienfields75@outlook.com - 25812595 - 2
__main__ WARNING New Dates Confirmed: The Offspring + Sum 41
__main__ ERROR MAXCHAMBERS80@OUTLOOK.COM
__main__ WARNING New Dates Confirmed: The Offspring + Sum 41
__main__ ERROR MAXCHAMBERS80@OUTLOOK.COM
__main__ WARNING New Dates Confirmed: The Offspring + Sum 41
__main__ ERROR MAXCHAMBERS80@OUTLOOK.COM
__main__ WARNING New Dates Confirmed: The Offspring + Sum 41
__main__ ERROR MAXCHAMBERS80@OUTLOOK.COM
__main__ WARNING New Dates Confirmed: The Offspring + Sum 41
__main__ ERROR MAXCHAMBERS80@OUTLOOK.COM
__main__ WARNING New Dates Confirmed: The Offspring + Sum 41
__main__ ERROR MAXCHAMBERS80@OUTLOOK.COM
__main__ WARNING New Dates Confirmed: The Offspring + Sum 41
__main__ ERROR MAXCHAMBERS80@OUTLOOK.COM
__main__ INFO -------------------------
__main__ INFO Logged in to: LEONKING80@OUTLOOK.COM
__main__ INFO Processing: Junk
__main__ INFO Processing: INBOX
__main__ WARNING New Dates Confirmed: The Offspring + Sum 41
__main__ SUCCESS augustashulammit@outlook.com - 25833255 - 4
__main__ WARNING New Dates Confirmed: The Offspring + Sum 41
__main__ ERROR LEONKING80@OUTLOOK.COM
__main__ WARNING New Dates Confirmed: The Offspring + Sum 41
__main__ ERROR LEONKING80@OUTLOOK.COM
__main__ WARNING New Dates Confirmed: The Offspring + Sum 41
__main__ ERROR LEONKING80@OUTLOOK.COM
__main__ WARNING New Dates Confirmed: The Offspring + Sum 41
__main__ ERROR LEONKING80@OUTLOOK.COM
__main__ WARNING New Dates Confirmed: The Offspring + Sum 41
__main__ ERROR LEONKING80@OUTLOOK.COM
__main__ WARNING New Dates Confirmed: The Offspring + Sum 41
__main__ ERROR LEONKING80@OUTLOOK.COM
__main__ WARNING New Dates Confirmed: The Offspring + Sum 41
__main__ ERROR LEONKING80@OUTLOOK.COM
__main__ WARNING New Dates Confirmed: The Offspring + Sum 41
__main__ SUCCESS tamarjanina@outlook.com - 25833171 - 4
__main__ WARNING New Dates Confirmed: The Offspring + Sum 41
__main__ SUCCESS leonking80@outlook.com - 25798219 - 8
__main__ WARNING New Dates Confirmed: The Offspring + Sum 41
__main__ SUCCESS silvestrairma21@outlook.com - 25833127 - 2
__main__ WARNING New Dates Confirmed: The Offspring + Sum 41
__main__ SUCCESS devinstone15@outlook.com - 25812462 - 2
__main__ WARNING New Dates Confirmed: The Offspring + Sum 41
__main__ SUCCESS fatmirvalentine@outlook.com - 25833144 - 2
__main__ WARNING New Dates Confirmed: The Offspring + Sum 41
__main__ SUCCESS maxchambers80@outlook.com - 25797736 - 7
__main__ WARNING New Dates Confirmed: The Offspring + Sum 41
__main__ SUCCESS darienfields75@outlook.com - 25812595 - 2
__main__ WARNING New Dates Confirmed: The Offspring + Sum 41
__main__ ERROR LEONKING80@OUTLOOK.COM
__main__ WARNING New Dates Confirmed: The Offspring + Sum 41
__main__ ERROR LEONKING80@OUTLOOK.COM
__main__ WARNING New Dates Confirmed: The Offspring + Sum 41
__main__ ERROR LEONKING80@OUTLOOK.COM
__main__ WARNING New Dates Confirmed: The Offspring + Sum 41
__main__ ERROR LEONKING80@OUTLOOK.COM
__main__ WARNING New Dates Confirmed: The Offspring + Sum 41
__main__ ERROR LEONKING80@OUTLOOK.COM
__main__ WARNING New Dates Confirmed: The Offspring + Sum 41
__main__ ERROR LEONKING80@OUTLOOK.COM
__main__ WARNING New Dates Confirmed: The Offspring + Sum 41
__main__ ERROR LEONKING80@OUTLOOK.COM
__main__ INFO -------------------------
__main__ INFO Logged in to: TODD_BENNETT35@OUTLOOK.COM
__main__ INFO Processing: Junk
__main__ INFO Processing: INBOX
__main__ WARNING New Dates Confirmed: The Offspring + Sum 41
__main__ ERROR TODD_BENNETT35@OUTLOOK.COM
__main__ WARNING New Dates Confirmed: The Offspring + Sum 41
__main__ SUCCESS todd_bennett35@outlook.com - 28129315 - 6
__main__ WARNING New Dates Confirmed: The Offspring + Sum 41
__main__ ERROR TODD_BENNETT35@OUTLOOK.COM
__main__ INFO -------------------------
__main__ INFO Logged in to: alecwood223@outlook.com
__main__ INFO Processing: Junk
__main__ INFO Processing: INBOX
__main__ WARNING New Dates Confirmed: The Offspring + Sum 41
__main__ SUCCESS alecwood223@outlook.com - 25261427 - 8
__main__ INFO -------------------------
__main__ INFO Logged in to: rickiecreel@outlook.com
__main__ INFO Processing: Junk
__main__ INFO Processing: INBOX
__main__ WARNING New Dates Confirmed: The Offspring + Sum 41
__main__ SUCCESS rickiecreel@outlook.com - 27407229 - 2
__main__ INFO -------------------------
__main__ INFO Logged in to: ADRIANNA.WIMBERLY11@OUTLOOK.COM
__main__ INFO Processing: Junk
__main__ INFO Processing: INBOX
__main__ WARNING New Dates Confirmed: The Offspring + Sum 41
__main__ SUCCESS adrianna.wimberly11@outlook.com - 28817644 - 2
__main__ INFO -------------------------
__main__ INFO Logged in to: LEONKING80@OUTLOOK.COM
__main__ INFO Processing: Junk
__main__ INFO Processing: INBOX
__main__ WARNING New Dates Confirmed: The Offspring + Sum 41
__main__ SUCCESS augustashulammit@outlook.com - 25833255 - 4
__main__ WARNING New Dates Confirmed: The Offspring + Sum 41
__main__ ERROR LEONKING80@OUTLOOK.COM
__main__ WARNING New Dates Confirmed: The Offspring + Sum 41
__main__ ERROR LEONKING80@OUTLOOK.COM
__main__ WARNING New Dates Confirmed: The Offspring + Sum 41
__main__ ERROR LEONKING80@OUTLOOK.COM
__main__ WARNING New Dates Confirmed: The Offspring + Sum 41
__main__ ERROR LEONKING80@OUTLOOK.COM
__main__ WARNING New Dates Confirmed: The Offspring + Sum 41
__main__ ERROR LEONKING80@OUTLOOK.COM
__main__ WARNING New Dates Confirmed: The Offspring + Sum 41
__main__ ERROR LEONKING80@OUTLOOK.COM
__main__ WARNING New Dates Confirmed: The Offspring + Sum 41
__main__ ERROR LEONKING80@OUTLOOK.COM
__main__ WARNING New Dates Confirmed: The Offspring + Sum 41
__main__ SUCCESS tamarjanina@outlook.com - 25833171 - 4
__main__ WARNING New Dates Confirmed: The Offspring + Sum 41
__main__ SUCCESS leonking80@outlook.com - 25798219 - 8
__main__ WARNING New Dates Confirmed: The Offspring + Sum 41
__main__ SUCCESS silvestrairma21@outlook.com - 25833127 - 2
__main__ WARNING New Dates Confirmed: The Offspring + Sum 41
__main__ SUCCESS devinstone15@outlook.com - 25812462 - 2
__main__ WARNING New Dates Confirmed: The Offspring + Sum 41
__main__ SUCCESS fatmirvalentine@outlook.com - 25833144 - 2
__main__ WARNING New Dates Confirmed: The Offspring + Sum 41
__main__ SUCCESS maxchambers80@outlook.com - 25797736 - 7
__main__ WARNING New Dates Confirmed: The Offspring + Sum 41
__main__ SUCCESS darienfields75@outlook.com - 25812595 - 2
__main__ WARNING New Dates Confirmed: The Offspring + Sum 41
__main__ ERROR LEONKING80@OUTLOOK.COM
__main__ WARNING New Dates Confirmed: The Offspring + Sum 41
__main__ ERROR LEONKING80@OUTLOOK.COM
__main__ WARNING New Dates Confirmed: The Offspring + Sum 41
__main__ ERROR LEONKING80@OUTLOOK.COM
__main__ WARNING New Dates Confirmed: The Offspring + Sum 41
__main__ ERROR LEONKING80@OUTLOOK.COM
__main__ WARNING New Dates Confirmed: The Offspring + Sum 41
__main__ ERROR LEONKING80@OUTLOOK.COM
__main__ WARNING New Dates Confirmed: The Offspring + Sum 41
__main__ ERROR LEONKING80@OUTLOOK.COM
__main__ WARNING New Dates Confirmed: The Offspring + Sum 41
__main__ ERROR LEONKING80@OUTLOOK.COM
__main__ INFO -------------------------
__main__ INFO Logged in to: LESLEE_FOURNIER@OUTLOOK.COM
__main__ INFO Processing: Junk
__main__ INFO Processing: INBOX
__main__ WARNING New Dates Confirmed: The Offspring + Sum 41
__main__ SUCCESS leslee_fournier@outlook.com - 32264397 - 2
__main__ INFO -------------------------
__main__ INFO Logged in to: Palmer_Brand@outlook.com
__main__ INFO Processing: Junk
__main__ INFO Processing: INBOX
__main__ WARNING New Dates Confirmed: The Offspring + Sum 41
__main__ SUCCESS palmer_brand@outlook.com - 32094976 - 1
__main__ INFO -------------------------
__main__ INFO Logged in to: DELIA.ELLIS411@OUTLOOK.COM
__main__ INFO Processing: Junk
__main__ INFO Processing: INBOX
__main__ WARNING New Dates Confirmed: The Offspring + Sum 41
__main__ SUCCESS delia.ellis411@outlook.com - 28344137 - 4
__main__ INFO -------------------------
__main__ INFO Logged in to: DELIA.ELLIS411@OUTLOOK.COM
__main__ INFO Processing: Junk
__main__ INFO Processing: INBOX
__main__ WARNING New Dates Confirmed: The Offspring + Sum 41
__main__ SUCCESS delia.ellis411@outlook.com - 28344137 - 4
__main__ ERROR Teena-Grimes@gmx.com - LOGIN FAILED
__main__ ERROR AIESHABAIN@ALANISGARRETT.COM - LOGIN FAILED
__main__ ERROR AIESHABAIN@ALANISGARRETT.COM - LOGIN FAILED
__main__ INFO -------------------------
__main__ INFO Logged in to: ELIJAH.JAMES096@OUTLOOK.COM
__main__ INFO Processing: Junk
__main__ INFO Processing: INBOX
__main__ WARNING New Dates Confirmed: The Offspring + Sum 41
__main__ SUCCESS elijah.james096@outlook.com - 27878419 - 1
__main__ INFO -------------------------
__main__ INFO Logged in to: Tabitha_Pena09@outlook.com
__main__ INFO Processing: Junk
__main__ INFO Processing: INBOX
__main__ WARNING New Dates Confirmed: The Offspring + Sum 41
__main__ SUCCESS tabitha_pena09@outlook.com - 27719577 - 7
__main__ WARNING New Dates Confirmed: The Offspring + Sum 41
__main__ SUCCESS robert_quinn2@outlook.com - 27719362 - 2
__main__ INFO -------------------------
__main__ INFO Logged in to: Tabitha_Pena09@outlook.com
__main__ INFO Processing: Junk
__main__ INFO Processing: INBOX
__main__ WARNING New Dates Confirmed: The Offspring + Sum 41
__main__ SUCCESS tabitha_pena09@outlook.com - 27719577 - 7
__main__ WARNING New Dates Confirmed: The Offspring + Sum 41
__main__ SUCCESS robert_quinn2@outlook.com - 27719362 - 2
__main__ INFO -------------------------
__main__ INFO Logged in to: Kary_Tidwell@outlook.com
__main__ INFO Processing: Junk
__main__ INFO Processing: INBOX
__main__ WARNING New Dates Confirmed: The Offspring + Sum 41
__main__ SUCCESS kary_tidwell@outlook.com - 32284752 - 3
__main__ WARNING New Dates Confirmed: The Offspring + Sum 41
__main__ SUCCESS earnestine_gilmore@outlook.com - 32321273 - 7
__main__ INFO -------------------------
__main__ INFO Logged in to: ELEANOR_BRIE@OUTLOOK.COM
__main__ INFO Processing: Junk
__main__ INFO Processing: INBOX
__main__ WARNING New Dates Confirmed: The Offspring + Sum 41
__main__ SUCCESS eleanor_brie@outlook.com - 32266775 - 3
__main__ INFO -------------------------
__main__ INFO Logged in to: TABITHA_PENA09@OUTLOOK.COM
__main__ INFO Processing: Junk
__main__ INFO Processing: INBOX
__main__ WARNING New Dates Confirmed: The Offspring + Sum 41
__main__ SUCCESS tabitha_pena09@outlook.com - 27719577 - 7
__main__ WARNING New Dates Confirmed: The Offspring + Sum 41
__main__ SUCCESS robert_quinn2@outlook.com - 27719362 - 2
__main__ INFO -------------------------
__main__ INFO Logged in to: ANJABERUBE@OUTLOOK.COM
__main__ INFO Processing: Junk
__main__ INFO Processing: INBOX
__main__ WARNING New Dates Confirmed: The Offspring + Sum 41
__main__ SUCCESS anjaberube@outlook.com - 27723611 - 6
