__main__ INFO -------------------------
__main__ INFO Logged in to: ttmtickets@outlook.com
__main__ INFO Processing: Junk
__main__ WARNING New Dates Confirmed: The Offspring + Sum 41
__main__ ERROR ttmtickets@outlook.com
__main__ WARNING New Dates Confirmed: The Offspring + Sum 41
__main__ SUCCESS adrianna.wimberly11@outlook.com - 28817644 - 2
__main__ WARNING New Dates Confirmed: The Offspring + Sum 41
__main__ ERROR ttmtickets@outlook.com
__main__ WARNING New Dates Confirmed: The Offspring + Sum 41
__main__ SUCCESS delia.ellis411@outlook.com - 28344137 - 4
__main__ INFO Processing: INBOX
__main__ WARNING New Dates Confirmed: The Offspring + Sum 41
__main__ SUCCESS augustashulammit@outlook.com - 25833255 - 4
__main__ WARNING New Dates Confirmed: The Offspring + Sum 41
__main__ SUCCESS aieshabain@alanisgarrett.com - 30655844 - 5
__main__ WARNING New Dates Confirmed: The Offspring + Sum 41
__main__ ERROR ttmtickets@outlook.com
__main__ WARNING New Dates Confirmed: The Offspring + Sum 41
__main__ ERROR ttmtickets@outlook.com
__main__ WARNING New Dates Confirmed: The Offspring + Sum 41
__main__ ERROR ttmtickets@outlook.com
__main__ WARNING New Dates Confirmed: The Offspring + Sum 41
__main__ SUCCESS todd_bennett35@outlook.com - 28129315 - 6
__main__ WARNING New Dates Confirmed: The Offspring + Sum 41
__main__ ERROR ttmtickets@outlook.com
__main__ WARNING New Dates Confirmed: The Offspring + Sum 41
__main__ SUCCESS anjaberube@outlook.com - 27723611 - 6
__main__ WARNING New Dates Confirmed: The Offspring + Sum 41
__main__ ERROR ttmtickets@outlook.com
__main__ WARNING New Dates Confirmed: The Offspring + Sum 41
__main__ ERROR ttmtickets@outlook.com
__main__ WARNING New Dates Confirmed: The Offspring + Sum 41
__main__ ERROR ttmtickets@outlook.com
__main__ WARNING New Dates Confirmed: The Offspring + Sum 41
__main__ SUCCESS eleanor_brie@outlook.com - 32266775 - 3
__main__ WARNING New Dates Confirmed: The Offspring + Sum 41
__main__ ERROR ttmtickets@outlook.com
__main__ WARNING New Dates Confirmed: The Offspring + Sum 41
__main__ SUCCESS leslee_fournier@outlook.com - 32264397 - 2
__main__ WARNING New Dates Confirmed: The Offspring + Sum 41
__main__ ERROR ttmtickets@outlook.com
__main__ WARNING New Dates Confirmed: The Offspring + Sum 41
__main__ ERROR ttmtickets@outlook.com
__main__ WARNING New Dates Confirmed: The Offspring + Sum 41
__main__ ERROR ttmtickets@outlook.com
__main__ WARNING New Dates Confirmed: The Offspring + Sum 41
__main__ SUCCESS teena-grimes@gmx.com - 32275944 - 1
__main__ WARNING New Dates Confirmed: The Offspring + Sum 41
__main__ SUCCESS georgiaparker88@outlook.com - 25951540 - 4
__main__ WARNING New Dates Confirmed: The Offspring + Sum 41
__main__ SUCCESS alecwood223@outlook.com - 25261427 - 8
__main__ WARNING New Dates Confirmed: The Offspring + Sum 41
__main__ ERROR ttmtickets@outlook.com
__main__ WARNING New Dates Confirmed: The Offspring + Sum 41
__main__ SUCCESS ronald.hawkins11@outlook.com - 32153001 - 1
__main__ WARNING New Dates Confirmed: The Offspring + Sum 41
__main__ ERROR ttmtickets@outlook.com
__main__ WARNING New Dates Confirmed: The Offspring + Sum 41
__main__ SUCCESS tamarjanina@outlook.com - 25833171 - 4
__main__ WARNING New Dates Confirmed: The Offspring + Sum 41
__main__ SUCCESS busterbulluck@outlook.com - 19769364 - 2
__main__ WARNING New Dates Confirmed: The Offspring + Sum 41
__main__ SUCCESS shakita_shackelford@outlook.com - 32273264 - 2
__main__ WARNING New Dates Confirmed: The Offspring + Sum 41
__main__ SUCCESS leonking80@outlook.com - 25798219 - 8
__main__ WARNING New Dates Confirmed: The Offspring + Sum 41
__main__ SUCCESS silvestrairma21@outlook.com - 25833127 - 2
__main__ WARNING New Dates Confirmed: The Offspring + Sum 41
__main__ SUCCESS elijah.james096@outlook.com - 27878419 - 1
__main__ WARNING New Dates Confirmed: The Offspring + Sum 41
__main__ SUCCESS valeriewatson85@outlook.com - 25951563 - 4
__main__ WARNING New Dates Confirmed: The Offspring + Sum 41
__main__ SUCCESS allenwilliams15@outlook.com - 25951345 - 4
__main__ WARNING New Dates Confirmed: The Offspring + Sum 41
__main__ SUCCESS devinstone15@outlook.com - 25812462 - 2
__main__ WARNING New Dates Confirmed: The Offspring + Sum 41
__main__ SUCCESS fatmirvalentine@outlook.com - 25833144 - 2
__main__ WARNING New Dates Confirmed: The Offspring + Sum 41
__main__ SUCCESS rickiecreel@outlook.com - 27407229 - 2
__main__ WARNING New Dates Confirmed: The Offspring + Sum 41
__main__ SUCCESS maxchambers80@outlook.com - 25797736 - 7
__main__ WARNING New Dates Confirmed: The Offspring + Sum 41
__main__ SUCCESS opalfarmer77@outlook.com - 25951521 - 4
__main__ WARNING New Dates Confirmed: The Offspring + Sum 41
__main__ SUCCESS darienfields75@outlook.com - 25812595 - 2
__main__ WARNING New Dates Confirmed: The Offspring + Sum 41
__main__ SUCCESS tabitha_pena09@outlook.com - 27719577 - 7
__main__ WARNING New Dates Confirmed: The Offspring + Sum 41
__main__ SUCCESS robert_quinn2@outlook.com - 27719362 - 2
__main__ WARNING New Dates Confirmed: The Offspring + Sum 41
__main__ ERROR ttmtickets@outlook.com
__main__ WARNING New Dates Confirmed: The Offspring + Sum 41
__main__ ERROR ttmtickets@outlook.com
__main__ WARNING New Dates Confirmed: The Offspring + Sum 41
__main__ ERROR ttmtickets@outlook.com
__main__ WARNING New Dates Confirmed: The Offspring + Sum 41
__main__ ERROR ttmtickets@outlook.com
__main__ WARNING New Dates Confirmed: The Offspring + Sum 41
__main__ ERROR ttmtickets@outlook.com
__main__ WARNING New Dates Confirmed: The Offspring + Sum 41
__main__ ERROR ttmtickets@outlook.com
__main__ WARNING New Dates Confirmed: The Offspring + Sum 41
__main__ ERROR ttmtickets@outlook.com
__main__ WARNING New Dates Confirmed: The Offspring + Sum 41
__main__ ERROR ttmtickets@outlook.com
__main__ WARNING New Dates Confirmed: The Offspring + Sum 41
__main__ ERROR ttmtickets@outlook.com
__main__ WARNING New Dates Confirmed: The Offspring + Sum 41
__main__ ERROR ttmtickets@outlook.com
__main__ WARNING New Dates Confirmed: The Offspring + Sum 41
__main__ ERROR ttmtickets@outlook.com
__main__ WARNING New Dates Confirmed: The Offspring + Sum 41
__main__ ERROR ttmtickets@outlook.com
__main__ WARNING New Dates Confirmed: The Offspring + Sum 41
__main__ ERROR ttmtickets@outlook.com
__main__ WARNING New Dates Confirmed: The Offspring + Sum 41
__main__ ERROR ttmtickets@outlook.com
__main__ WARNING New Dates Confirmed: The Offspring + Sum 41
__main__ ERROR ttmtickets@outlook.com
