__main__ INFO -------------------------
__main__ INFO Logged in to: MAXCHAMBERS80@OUTLOOK.COM
__main__ INFO Processing: Junk
__main__ INFO Processing: INBOX
__main__ WARNING New Dates Confirmed: The Offspring + Sum 41
__main__ SUCCESS augustashulammit@outlook.com - 25833255 - 4
__main__ WARNING New Dates Confirmed: The Offspring + Sum 41
__main__ ERROR MAXCHAMBERS80@OUTLOOK.COM
__main__ WARNING New Dates Confirmed: The Offspring + Sum 41
__main__ ERROR MAXCHAMBERS80@OUTLOOK.COM
__main__ WARNING New Dates Confirmed: The Offspring + Sum 41
__main__ ERROR MAXCHAMBERS80@OUTLOOK.COM
__main__ WARNING New Dates Confirmed: The Offspring + Sum 41
__main__ ERROR MAXCHAMBERS80@OUTLOOK.COM
__main__ WARNING New Dates Confirmed: The Offspring + Sum 41
__main__ ERROR MAXCHAMBERS80@OUTLOOK.COM
__main__ WARNING New Dates Confirmed: The Offspring + Sum 41
__main__ ERROR MAXCHAMBERS80@OUTLOOK.COM
__main__ WARNING New Dates Confirmed: The Offspring + Sum 41
__main__ ERROR MAXCHAMBERS80@OUTLOOK.COM
__main__ WARNING New Dates Confirmed: The Offspring + Sum 41
__main__ SUCCESS tamarjanina@outlook.com - 25833171 - 4
__main__ WARNING New Dates Confirmed: The Offspring + Sum 41
__main__ SUCCESS leonking80@outlook.com - 25798219 - 8
__main__ WARNING New Dates Confirmed: The Offspring + Sum 41
__main__ SUCCESS silvestrairma21@outlook.com - 25833127 - 2
__main__ WARNING New Dates Confirmed: The Offspring + Sum 41
__main__ SUCCESS devinstone15@outlook.com - 25812462 - 2
__main__ WARNING New Dates Confirmed: The Offspring + Sum 41
__main__ SUCCESS fatmirvalentine@outlook.com - 25833144 - 2
__main__ WARNING New Dates Confirmed: The Offspring + Sum 41
__main__ SUCCESS maxchambers80@outlook.com - 25797736 - 7
__main__ WARNING New Dates Confirmed: The Offspring + Sum 41
__main__ SUCCESS darienfields75@outlook.com - 25812595 - 2
__main__ WARNING New Dates Confirmed: The Offspring + Sum 41
__main__ ERROR MAXCHAMBERS80@OUTLOOK.COM
__main__ WARNING New Dates Confirmed: The Offspring + Sum 41
__main__ ERROR MAXCHAMBERS80@OUTLOOK.COM
__main__ WARNING New Dates Confirmed: The Offspring + Sum 41
__main__ ERROR MAXCHAMBERS80@OUTLOOK.COM
__main__ WARNING New Dates Confirmed: The Offspring + Sum 41
__main__ ERROR MAXCHAMBERS80@OUTLOOK.COM
__main__ WARNING New Dates Confirmed: The Offspring + Sum 41
__main__ ERROR MAXCHAMBERS80@OUTLOOK.COM
__main__ WARNING New Dates Confirmed: The Offspring + Sum 41
__main__ ERROR MAXCHAMBERS80@OUTLOOK.COM
__main__ WARNING New Dates Confirmed: The Offspring + Sum 41
__main__ ERROR MAXCHAMBERS80@OUTLOOK.COM
__main__ INFO -------------------------
__main__ INFO Logged in to: HAIALBRECHT@OUTLOOK.COM
__main__ INFO Processing: Junk
__main__ INFO Processing: INBOX
__main__ WARNING New Dates Confirmed: The Offspring + Sum 41
__main__ SUCCESS haialbrecht@outlook.com - 26396279 - 3
__main__ WARNING New Dates Confirmed: The Offspring + Sum 41
__main__ ERROR HAIALBRECHT@OUTLOOK.COM
__main__ WARNING New Dates Confirmed: The Offspring + Sum 41
__main__ ERROR HAIALBRECHT@OUTLOOK.COM
__main__ INFO -------------------------
__main__ INFO Logged in to: SILVESTRAIRMA21@OUTLOOK.COM
__main__ INFO Processing: Junk
__main__ INFO Processing: INBOX
__main__ WARNING New Dates Confirmed: The Offspring + Sum 41
__main__ SUCCESS augustashulammit@outlook.com - 25833255 - 4
__main__ WARNING New Dates Confirmed: The Offspring + Sum 41
__main__ ERROR SILVESTRAIRMA21@OUTLOOK.COM
__main__ WARNING New Dates Confirmed: The Offspring + Sum 41
__main__ ERROR SILVESTRAIRMA21@OUTLOOK.COM
__main__ WARNING New Dates Confirmed: The Offspring + Sum 41
__main__ ERROR SILVESTRAIRMA21@OUTLOOK.COM
__main__ WARNING New Dates Confirmed: The Offspring + Sum 41
__main__ ERROR SILVESTRAIRMA21@OUTLOOK.COM
__main__ WARNING New Dates Confirmed: The Offspring + Sum 41
__main__ ERROR SILVESTRAIRMA21@OUTLOOK.COM
__main__ WARNING New Dates Confirmed: The Offspring + Sum 41
__main__ ERROR SILVESTRAIRMA21@OUTLOOK.COM
__main__ WARNING New Dates Confirmed: The Offspring + Sum 41
__main__ ERROR SILVESTRAIRMA21@OUTLOOK.COM
__main__ WARNING New Dates Confirmed: The Offspring + Sum 41
__main__ SUCCESS tamarjanina@outlook.com - 25833171 - 4
__main__ WARNING New Dates Confirmed: The Offspring + Sum 41
__main__ SUCCESS leonking80@outlook.com - 25798219 - 8
__main__ WARNING New Dates Confirmed: The Offspring + Sum 41
__main__ SUCCESS silvestrairma21@outlook.com - 25833127 - 2
__main__ WARNING New Dates Confirmed: The Offspring + Sum 41
__main__ SUCCESS devinstone15@outlook.com - 25812462 - 2
__main__ WARNING New Dates Confirmed: The Offspring + Sum 41
__main__ SUCCESS fatmirvalentine@outlook.com - 25833144 - 2
__main__ WARNING New Dates Confirmed: The Offspring + Sum 41
__main__ SUCCESS maxchambers80@outlook.com - 25797736 - 7
__main__ WARNING New Dates Confirmed: The Offspring + Sum 41
__main__ SUCCESS darienfields75@outlook.com - 25812595 - 2
__main__ WARNING New Dates Confirmed: The Offspring + Sum 41
__main__ ERROR SILVESTRAIRMA21@OUTLOOK.COM
__main__ WARNING New Dates Confirmed: The Offspring + Sum 41
__main__ ERROR SILVESTRAIRMA21@OUTLOOK.COM
__main__ WARNING New Dates Confirmed: The Offspring + Sum 41
__main__ ERROR SILVESTRAIRMA21@OUTLOOK.COM
__main__ WARNING New Dates Confirmed: The Offspring + Sum 41
__main__ ERROR SILVESTRAIRMA21@OUTLOOK.COM
__main__ WARNING New Dates Confirmed: The Offspring + Sum 41
__main__ ERROR SILVESTRAIRMA21@OUTLOOK.COM
__main__ WARNING New Dates Confirmed: The Offspring + Sum 41
__main__ ERROR SILVESTRAIRMA21@OUTLOOK.COM
__main__ WARNING New Dates Confirmed: The Offspring + Sum 41
__main__ ERROR SILVESTRAIRMA21@OUTLOOK.COM
__main__ INFO -------------------------
__main__ INFO Logged in to: DEVINSTONE15@OUTLOOK.COM
__main__ INFO Processing: Junk
__main__ INFO Processing: INBOX
__main__ WARNING New Dates Confirmed: The Offspring + Sum 41
__main__ SUCCESS augustashulammit@outlook.com - 25833255 - 4
__main__ WARNING New Dates Confirmed: The Offspring + Sum 41
__main__ ERROR DEVINSTONE15@OUTLOOK.COM
__main__ WARNING New Dates Confirmed: The Offspring + Sum 41
__main__ ERROR DEVINSTONE15@OUTLOOK.COM
__main__ WARNING New Dates Confirmed: The Offspring + Sum 41
__main__ ERROR DEVINSTONE15@OUTLOOK.COM
__main__ WARNING New Dates Confirmed: The Offspring + Sum 41
__main__ ERROR DEVINSTONE15@OUTLOOK.COM
__main__ WARNING New Dates Confirmed: The Offspring + Sum 41
__main__ ERROR DEVINSTONE15@OUTLOOK.COM
__main__ WARNING New Dates Confirmed: The Offspring + Sum 41
__main__ ERROR DEVINSTONE15@OUTLOOK.COM
__main__ WARNING New Dates Confirmed: The Offspring + Sum 41
__main__ ERROR DEVINSTONE15@OUTLOOK.COM
__main__ WARNING New Dates Confirmed: The Offspring + Sum 41
__main__ SUCCESS tamarjanina@outlook.com - 25833171 - 4
__main__ WARNING New Dates Confirmed: The Offspring + Sum 41
__main__ SUCCESS leonking80@outlook.com - 25798219 - 8
__main__ WARNING New Dates Confirmed: The Offspring + Sum 41
__main__ SUCCESS silvestrairma21@outlook.com - 25833127 - 2
__main__ WARNING New Dates Confirmed: The Offspring + Sum 41
__main__ SUCCESS devinstone15@outlook.com - 25812462 - 2
__main__ WARNING New Dates Confirmed: The Offspring + Sum 41
__main__ SUCCESS fatmirvalentine@outlook.com - 25833144 - 2
__main__ WARNING New Dates Confirmed: The Offspring + Sum 41
__main__ SUCCESS maxchambers80@outlook.com - 25797736 - 7
__main__ WARNING New Dates Confirmed: The Offspring + Sum 41
__main__ SUCCESS darienfields75@outlook.com - 25812595 - 2
__main__ WARNING New Dates Confirmed: The Offspring + Sum 41
__main__ ERROR DEVINSTONE15@OUTLOOK.COM
__main__ WARNING New Dates Confirmed: The Offspring + Sum 41
__main__ ERROR DEVINSTONE15@OUTLOOK.COM
__main__ WARNING New Dates Confirmed: The Offspring + Sum 41
__main__ ERROR DEVINSTONE15@OUTLOOK.COM
__main__ WARNING New Dates Confirmed: The Offspring + Sum 41
__main__ ERROR DEVINSTONE15@OUTLOOK.COM
__main__ WARNING New Dates Confirmed: The Offspring + Sum 41
__main__ ERROR DEVINSTONE15@OUTLOOK.COM
__main__ WARNING New Dates Confirmed: The Offspring + Sum 41
__main__ ERROR DEVINSTONE15@OUTLOOK.COM
__main__ WARNING New Dates Confirmed: The Offspring + Sum 41
__main__ ERROR DEVINSTONE15@OUTLOOK.COM
__main__ INFO -------------------------
__main__ INFO Logged in to: DARIENFIELDS75@OUTLOOK.COM
__main__ INFO Processing: Junk
__main__ INFO Processing: INBOX
__main__ WARNING New Dates Confirmed: The Offspring + Sum 41
__main__ SUCCESS augustashulammit@outlook.com - 25833255 - 4
__main__ WARNING New Dates Confirmed: The Offspring + Sum 41
__main__ ERROR DARIENFIELDS75@OUTLOOK.COM
__main__ WARNING New Dates Confirmed: The Offspring + Sum 41
__main__ ERROR DARIENFIELDS75@OUTLOOK.COM
__main__ WARNING New Dates Confirmed: The Offspring + Sum 41
__main__ ERROR DARIENFIELDS75@OUTLOOK.COM
__main__ WARNING New Dates Confirmed: The Offspring + Sum 41
__main__ ERROR DARIENFIELDS75@OUTLOOK.COM
__main__ WARNING New Dates Confirmed: The Offspring + Sum 41
__main__ ERROR DARIENFIELDS75@OUTLOOK.COM
__main__ WARNING New Dates Confirmed: The Offspring + Sum 41
__main__ ERROR DARIENFIELDS75@OUTLOOK.COM
__main__ WARNING New Dates Confirmed: The Offspring + Sum 41
__main__ ERROR DARIENFIELDS75@OUTLOOK.COM
__main__ WARNING New Dates Confirmed: The Offspring + Sum 41
__main__ SUCCESS tamarjanina@outlook.com - 25833171 - 4
__main__ WARNING New Dates Confirmed: The Offspring + Sum 41
__main__ SUCCESS leonking80@outlook.com - 25798219 - 8
__main__ WARNING New Dates Confirmed: The Offspring + Sum 41
__main__ SUCCESS silvestrairma21@outlook.com - 25833127 - 2
__main__ WARNING New Dates Confirmed: The Offspring + Sum 41
__main__ SUCCESS devinstone15@outlook.com - 25812462 - 2
__main__ WARNING New Dates Confirmed: The Offspring + Sum 41
__main__ SUCCESS fatmirvalentine@outlook.com - 25833144 - 2
__main__ WARNING New Dates Confirmed: The Offspring + Sum 41
__main__ SUCCESS maxchambers80@outlook.com - 25797736 - 7
__main__ WARNING New Dates Confirmed: The Offspring + Sum 41
__main__ SUCCESS darienfields75@outlook.com - 25812595 - 2
__main__ WARNING New Dates Confirmed: The Offspring + Sum 41
__main__ ERROR DARIENFIELDS75@OUTLOOK.COM
__main__ WARNING New Dates Confirmed: The Offspring + Sum 41
__main__ ERROR DARIENFIELDS75@OUTLOOK.COM
__main__ WARNING New Dates Confirmed: The Offspring + Sum 41
__main__ ERROR DARIENFIELDS75@OUTLOOK.COM
__main__ WARNING New Dates Confirmed: The Offspring + Sum 41
__main__ ERROR DARIENFIELDS75@OUTLOOK.COM
__main__ WARNING New Dates Confirmed: The Offspring + Sum 41
__main__ ERROR DARIENFIELDS75@OUTLOOK.COM
__main__ WARNING New Dates Confirmed: The Offspring + Sum 41
__main__ ERROR DARIENFIELDS75@OUTLOOK.COM
__main__ WARNING New Dates Confirmed: The Offspring + Sum 41
__main__ ERROR DARIENFIELDS75@OUTLOOK.COM
__main__ INFO -------------------------
__main__ INFO Logged in to: FATMIRVALENTINE@OUTLOOK.COM
__main__ INFO Processing: Junk
__main__ INFO Processing: INBOX
__main__ WARNING New Dates Confirmed: The Offspring + Sum 41
__main__ SUCCESS augustashulammit@outlook.com - 25833255 - 4
__main__ WARNING New Dates Confirmed: The Offspring + Sum 41
__main__ ERROR FATMIRVALENTINE@OUTLOOK.COM
__main__ WARNING New Dates Confirmed: The Offspring + Sum 41
__main__ ERROR FATMIRVALENTINE@OUTLOOK.COM
__main__ WARNING New Dates Confirmed: The Offspring + Sum 41
__main__ ERROR FATMIRVALENTINE@OUTLOOK.COM
__main__ WARNING New Dates Confirmed: The Offspring + Sum 41
__main__ ERROR FATMIRVALENTINE@OUTLOOK.COM
__main__ WARNING New Dates Confirmed: The Offspring + Sum 41
__main__ ERROR FATMIRVALENTINE@OUTLOOK.COM
__main__ WARNING New Dates Confirmed: The Offspring + Sum 41
__main__ ERROR FATMIRVALENTINE@OUTLOOK.COM
__main__ WARNING New Dates Confirmed: The Offspring + Sum 41
__main__ ERROR FATMIRVALENTINE@OUTLOOK.COM
__main__ WARNING New Dates Confirmed: The Offspring + Sum 41
__main__ SUCCESS tamarjanina@outlook.com - 25833171 - 4
__main__ WARNING New Dates Confirmed: The Offspring + Sum 41
__main__ SUCCESS leonking80@outlook.com - 25798219 - 8
__main__ WARNING New Dates Confirmed: The Offspring + Sum 41
__main__ SUCCESS silvestrairma21@outlook.com - 25833127 - 2
__main__ WARNING New Dates Confirmed: The Offspring + Sum 41
__main__ SUCCESS devinstone15@outlook.com - 25812462 - 2
__main__ WARNING New Dates Confirmed: The Offspring + Sum 41
__main__ SUCCESS fatmirvalentine@outlook.com - 25833144 - 2
__main__ WARNING New Dates Confirmed: The Offspring + Sum 41
__main__ SUCCESS maxchambers80@outlook.com - 25797736 - 7
__main__ WARNING New Dates Confirmed: The Offspring + Sum 41
__main__ SUCCESS darienfields75@outlook.com - 25812595 - 2
__main__ WARNING New Dates Confirmed: The Offspring + Sum 41
__main__ ERROR FATMIRVALENTINE@OUTLOOK.COM
__main__ WARNING New Dates Confirmed: The Offspring + Sum 41
__main__ ERROR FATMIRVALENTINE@OUTLOOK.COM
__main__ WARNING New Dates Confirmed: The Offspring + Sum 41
__main__ ERROR FATMIRVALENTINE@OUTLOOK.COM
__main__ WARNING New Dates Confirmed: The Offspring + Sum 41
__main__ ERROR FATMIRVALENTINE@OUTLOOK.COM
__main__ WARNING New Dates Confirmed: The Offspring + Sum 41
__main__ ERROR FATMIRVALENTINE@OUTLOOK.COM
__main__ WARNING New Dates Confirmed: The Offspring + Sum 41
__main__ ERROR FATMIRVALENTINE@OUTLOOK.COM
__main__ WARNING New Dates Confirmed: The Offspring + Sum 41
__main__ ERROR FATMIRVALENTINE@OUTLOOK.COM
__main__ INFO -------------------------
__main__ INFO Logged in to: TAMARJANINA@OUTLOOK.COM
__main__ INFO Processing: Junk
__main__ INFO Processing: INBOX
__main__ WARNING New Dates Confirmed: The Offspring + Sum 41
__main__ SUCCESS augustashulammit@outlook.com - 25833255 - 4
__main__ WARNING New Dates Confirmed: The Offspring + Sum 41
__main__ ERROR TAMARJANINA@OUTLOOK.COM
__main__ WARNING New Dates Confirmed: The Offspring + Sum 41
__main__ ERROR TAMARJANINA@OUTLOOK.COM
__main__ WARNING New Dates Confirmed: The Offspring + Sum 41
__main__ ERROR TAMARJANINA@OUTLOOK.COM
__main__ WARNING New Dates Confirmed: The Offspring + Sum 41
__main__ ERROR TAMARJANINA@OUTLOOK.COM
__main__ WARNING New Dates Confirmed: The Offspring + Sum 41
__main__ ERROR TAMARJANINA@OUTLOOK.COM
__main__ WARNING New Dates Confirmed: The Offspring + Sum 41
__main__ ERROR TAMARJANINA@OUTLOOK.COM
__main__ WARNING New Dates Confirmed: The Offspring + Sum 41
__main__ ERROR TAMARJANINA@OUTLOOK.COM
__main__ WARNING New Dates Confirmed: The Offspring + Sum 41
__main__ SUCCESS tamarjanina@outlook.com - 25833171 - 4
__main__ WARNING New Dates Confirmed: The Offspring + Sum 41
__main__ SUCCESS leonking80@outlook.com - 25798219 - 8
__main__ WARNING New Dates Confirmed: The Offspring + Sum 41
__main__ SUCCESS silvestrairma21@outlook.com - 25833127 - 2
__main__ WARNING New Dates Confirmed: The Offspring + Sum 41
__main__ SUCCESS devinstone15@outlook.com - 25812462 - 2
__main__ WARNING New Dates Confirmed: The Offspring + Sum 41
__main__ SUCCESS fatmirvalentine@outlook.com - 25833144 - 2
__main__ WARNING New Dates Confirmed: The Offspring + Sum 41
__main__ SUCCESS maxchambers80@outlook.com - 25797736 - 7
__main__ WARNING New Dates Confirmed: The Offspring + Sum 41
__main__ SUCCESS darienfields75@outlook.com - 25812595 - 2
__main__ WARNING New Dates Confirmed: The Offspring + Sum 41
__main__ ERROR TAMARJANINA@OUTLOOK.COM
__main__ WARNING New Dates Confirmed: The Offspring + Sum 41
__main__ ERROR TAMARJANINA@OUTLOOK.COM
__main__ WARNING New Dates Confirmed: The Offspring + Sum 41
__main__ ERROR TAMARJANINA@OUTLOOK.COM
__main__ WARNING New Dates Confirmed: The Offspring + Sum 41
__main__ ERROR TAMARJANINA@OUTLOOK.COM
__main__ WARNING New Dates Confirmed: The Offspring + Sum 41
__main__ ERROR TAMARJANINA@OUTLOOK.COM
__main__ WARNING New Dates Confirmed: The Offspring + Sum 41
__main__ ERROR TAMARJANINA@OUTLOOK.COM
__main__ WARNING New Dates Confirmed: The Offspring + Sum 41
__main__ ERROR TAMARJANINA@OUTLOOK.COM
__main__ INFO -------------------------
__main__ INFO Logged in to: BUSTERBULLUCK@OUTLOOK.COM
__main__ INFO Processing: Junk
__main__ INFO Processing: INBOX
__main__ WARNING New Dates Confirmed: The Offspring + Sum 41
__main__ ERROR BUSTERBULLUCK@OUTLOOK.COM
__main__ WARNING New Dates Confirmed: The Offspring + Sum 41
__main__ SUCCESS busterbulluck@outlook.com - 19769364 - 2
__main__ WARNING New Dates Confirmed: The Offspring + Sum 41
__main__ ERROR BUSTERBULLUCK@OUTLOOK.COM
__main__ ERROR OPALFARMER77@OUTLOOK.COM - LOGIN FAILED
__main__ ERROR GEORGIAPARKER88@OUTLOOK.COM - LOGIN FAILED
__main__ ERROR VALERIEWATSON85@OUTLOOK.COM - LOGIN FAILED
__main__ ERROR ALLENWILLIAMS15@OUTLOOK.COM - LOGIN FAILED
__main__ INFO -------------------------
__main__ INFO Logged in to: AUGUSTASHULAMMIT@OUTLOOK.COM
__main__ INFO Processing: Junk
__main__ INFO Processing: INBOX
__main__ WARNING New Dates Confirmed: The Offspring + Sum 41
__main__ SUCCESS augustashulammit@outlook.com - 25833255 - 4
__main__ WARNING New Dates Confirmed: The Offspring + Sum 41
__main__ ERROR AUGUSTASHULAMMIT@OUTLOOK.COM
__main__ WARNING New Dates Confirmed: The Offspring + Sum 41
__main__ ERROR AUGUSTASHULAMMIT@OUTLOOK.COM
__main__ WARNING New Dates Confirmed: The Offspring + Sum 41
__main__ ERROR AUGUSTASHULAMMIT@OUTLOOK.COM
__main__ WARNING New Dates Confirmed: The Offspring + Sum 41
__main__ ERROR AUGUSTASHULAMMIT@OUTLOOK.COM
__main__ WARNING New Dates Confirmed: The Offspring + Sum 41
__main__ ERROR AUGUSTASHULAMMIT@OUTLOOK.COM
__main__ WARNING New Dates Confirmed: The Offspring + Sum 41
__main__ ERROR AUGUSTASHULAMMIT@OUTLOOK.COM
__main__ WARNING New Dates Confirmed: The Offspring + Sum 41
__main__ ERROR AUGUSTASHULAMMIT@OUTLOOK.COM
__main__ WARNING New Dates Confirmed: The Offspring + Sum 41
__main__ SUCCESS tamarjanina@outlook.com - 25833171 - 4
__main__ WARNING New Dates Confirmed: The Offspring + Sum 41
__main__ SUCCESS leonking80@outlook.com - 25798219 - 8
__main__ WARNING New Dates Confirmed: The Offspring + Sum 41
__main__ SUCCESS silvestrairma21@outlook.com - 25833127 - 2
__main__ WARNING New Dates Confirmed: The Offspring + Sum 41
__main__ SUCCESS devinstone15@outlook.com - 25812462 - 2
__main__ WARNING New Dates Confirmed: The Offspring + Sum 41
__main__ SUCCESS fatmirvalentine@outlook.com - 25833144 - 2
__main__ WARNING New Dates Confirmed: The Offspring + Sum 41
__main__ SUCCESS maxchambers80@outlook.com - 25797736 - 7
__main__ WARNING New Dates Confirmed: The Offspring + Sum 41
__main__ SUCCESS darienfields75@outlook.com - 25812595 - 2
__main__ WARNING New Dates Confirmed: The Offspring + Sum 41
__main__ ERROR AUGUSTASHULAMMIT@OUTLOOK.COM
__main__ WARNING New Dates Confirmed: The Offspring + Sum 41
__main__ ERROR AUGUSTASHULAMMIT@OUTLOOK.COM
__main__ WARNING New Dates Confirmed: The Offspring + Sum 41
__main__ ERROR AUGUSTASHULAMMIT@OUTLOOK.COM
__main__ WARNING New Dates Confirmed: The Offspring + Sum 41
__main__ ERROR AUGUSTASHULAMMIT@OUTLOOK.COM
__main__ WARNING New Dates Confirmed: The Offspring + Sum 41
__main__ ERROR AUGUSTASHULAMMIT@OUTLOOK.COM
__main__ WARNING New Dates Confirmed: The Offspring + Sum 41
__main__ ERROR AUGUSTASHULAMMIT@OUTLOOK.COM
__main__ WARNING New Dates Confirmed: The Offspring + Sum 41
__main__ ERROR AUGUSTASHULAMMIT@OUTLOOK.COM
__main__ INFO -------------------------
__main__ INFO Logged in to: TAMARJANINA@OUTLOOK.COM
__main__ INFO Processing: Junk
__main__ INFO Processing: INBOX
__main__ WARNING New Dates Confirmed: The Offspring + Sum 41
__main__ SUCCESS augustashulammit@outlook.com - 25833255 - 4
__main__ WARNING New Dates Confirmed: The Offspring + Sum 41
__main__ ERROR TAMARJANINA@OUTLOOK.COM
__main__ WARNING New Dates Confirmed: The Offspring + Sum 41
__main__ ERROR TAMARJANINA@OUTLOOK.COM
__main__ WARNING New Dates Confirmed: The Offspring + Sum 41
__main__ ERROR TAMARJANINA@OUTLOOK.COM
__main__ WARNING New Dates Confirmed: The Offspring + Sum 41
__main__ ERROR TAMARJANINA@OUTLOOK.COM
__main__ WARNING New Dates Confirmed: The Offspring + Sum 41
__main__ ERROR TAMARJANINA@OUTLOOK.COM
__main__ WARNING New Dates Confirmed: The Offspring + Sum 41
__main__ ERROR TAMARJANINA@OUTLOOK.COM
__main__ WARNING New Dates Confirmed: The Offspring + Sum 41
__main__ ERROR TAMARJANINA@OUTLOOK.COM
__main__ WARNING New Dates Confirmed: The Offspring + Sum 41
__main__ SUCCESS tamarjanina@outlook.com - 25833171 - 4
__main__ WARNING New Dates Confirmed: The Offspring + Sum 41
__main__ SUCCESS leonking80@outlook.com - 25798219 - 8
__main__ WARNING New Dates Confirmed: The Offspring + Sum 41
__main__ SUCCESS silvestrairma21@outlook.com - 25833127 - 2
__main__ WARNING New Dates Confirmed: The Offspring + Sum 41
__main__ SUCCESS devinstone15@outlook.com - 25812462 - 2
__main__ WARNING New Dates Confirmed: The Offspring + Sum 41
__main__ SUCCESS fatmirvalentine@outlook.com - 25833144 - 2
__main__ WARNING New Dates Confirmed: The Offspring + Sum 41
__main__ SUCCESS maxchambers80@outlook.com - 25797736 - 7
__main__ WARNING New Dates Confirmed: The Offspring + Sum 41
__main__ SUCCESS darienfields75@outlook.com - 25812595 - 2
__main__ WARNING New Dates Confirmed: The Offspring + Sum 41
__main__ ERROR TAMARJANINA@OUTLOOK.COM
__main__ WARNING New Dates Confirmed: The Offspring + Sum 41
__main__ ERROR TAMARJANINA@OUTLOOK.COM
__main__ WARNING New Dates Confirmed: The Offspring + Sum 41
__main__ ERROR TAMARJANINA@OUTLOOK.COM
__main__ WARNING New Dates Confirmed: The Offspring + Sum 41
__main__ ERROR TAMARJANINA@OUTLOOK.COM
__main__ WARNING New Dates Confirmed: The Offspring + Sum 41
__main__ ERROR TAMARJANINA@OUTLOOK.COM
__main__ WARNING New Dates Confirmed: The Offspring + Sum 41
__main__ ERROR TAMARJANINA@OUTLOOK.COM
__main__ WARNING New Dates Confirmed: The Offspring + Sum 41
__main__ ERROR TAMARJANINA@OUTLOOK.COM
__main__ ERROR AIESHABAIN@ALANISGARRETT.COM - LOGIN FAILED
__main__ INFO -------------------------
__main__ INFO Logged in to: RONALD.HAWKINS11@OUTLOOK.COM
__main__ INFO Processing: Junk
__main__ INFO Processing: INBOX
__main__ WARNING New Dates Confirmed: The Offspring + Sum 41
__main__ ERROR RONALD.HAWKINS11@OUTLOOK.COM
__main__ WARNING New Dates Confirmed: The Offspring + Sum 41
__main__ SUCCESS ronald.hawkins11@outlook.com - 32153001 - 1
__main__ WARNING New Dates Confirmed: The Offspring + Sum 41
__main__ ERROR RONALD.HAWKINS11@OUTLOOK.COM
__main__ INFO -------------------------
__main__ INFO Logged in to: LACH.M27@OUTLOOK.COM
__main__ INFO Processing: Junk
__main__ INFO Processing: INBOX
__main__ WARNING New Dates Confirmed: The Offspring + Sum 41
__main__ SUCCESS lach.m27@outlook.com - 26394807 - 3
__main__ WARNING New Dates Confirmed: The Offspring + Sum 41
__main__ ERROR LACH.M27@OUTLOOK.COM
__main__ WARNING New Dates Confirmed: The Offspring + Sum 41
__main__ ERROR LACH.M27@OUTLOOK.COM
__main__ INFO -------------------------
__main__ INFO Logged in to: LACH.M27@OUTLOOK.COM
__main__ INFO Processing: Junk
__main__ INFO Processing: INBOX
__main__ WARNING New Dates Confirmed: The Offspring + Sum 41
__main__ SUCCESS lach.m27@outlook.com - 26394807 - 3
__main__ WARNING New Dates Confirmed: The Offspring + Sum 41
__main__ ERROR LACH.M27@OUTLOOK.COM
__main__ WARNING New Dates Confirmed: The Offspring + Sum 41
__main__ ERROR LACH.M27@OUTLOOK.COM
